<?xml version="1.0" encoding="UTF-8"?>
<coverage generated="1774713696480" clover="3.2.0">
  <project timestamp="1774713696480" name="All files">
    <metrics statements="7184" coveredstatements="7032" conditionals="5257" coveredconditionals="5084" methods="2809" coveredmethods="2712" elements="15250" coveredelements="14828" complexity="0" loc="7184" ncloc="7184" packages="30" files="174" classes="174"/>
    <package name="src">
      <metrics statements="212" coveredstatements="209" conditionals="145" coveredconditionals="140" methods="70" coveredmethods="68"/>
      <file name="App.tsx" path="/Users/tyler/Code/fury/src/App.tsx">
        <metrics statements="212" coveredstatements="209" conditionals="145" coveredconditionals="140" methods="70" coveredmethods="68"/>
        <line num="18" count="1" type="stmt"/>
        <line num="19" count="1" type="stmt"/>
        <line num="20" count="1" type="stmt"/>
        <line num="21" count="1" type="stmt"/>
        <line num="22" count="1" type="stmt"/>
        <line num="23" count="1" type="stmt"/>
        <line num="53" count="13" type="stmt"/>
        <line num="57" count="648" type="stmt"/>
        <line num="58" count="648" type="stmt"/>
        <line num="59" count="648" type="stmt"/>
        <line num="60" count="529" type="stmt"/>
        <line num="61" count="529" type="stmt"/>
        <line num="62" count="513" type="stmt"/>
        <line num="63" count="513" type="stmt"/>
        <line num="64" count="171" type="cond" truecount="2" falsecount="0"/>
        <line num="65" count="513" type="stmt"/>
        <line num="67" count="529" type="stmt"/>
        <line num="68" count="529" type="stmt"/>
        <line num="69" count="529" type="stmt"/>
        <line num="71" count="213" type="stmt"/>
        <line num="72" count="171" type="cond" truecount="2" falsecount="0"/>
        <line num="74" count="171" type="cond" truecount="3" falsecount="0"/>
        <line num="75" count="171" type="cond" truecount="4" falsecount="0"/>
        <line num="77" count="171" type="cond" truecount="2" falsecount="0"/>
        <line num="78" count="171" type="cond" truecount="3" falsecount="0"/>
        <line num="80" count="171" type="stmt"/>
        <line num="156" count="843" type="stmt"/>
        <line num="157" count="843" type="stmt"/>
        <line num="158" count="843" type="stmt"/>
        <line num="159" count="843" type="stmt"/>
        <line num="160" count="841" type="stmt"/>
        <line num="161" count="841" type="stmt"/>
        <line num="162" count="693" type="stmt"/>
        <line num="163" count="693" type="stmt"/>
        <line num="164" count="693" type="stmt"/>
        <line num="165" count="228" type="stmt"/>
        <line num="166" count="228" type="stmt"/>
        <line num="167" count="228" type="stmt"/>
        <line num="168" count="228" type="stmt"/>
        <line num="169" count="228" type="stmt"/>
        <line num="172" count="228" type="stmt"/>
        <line num="173" count="86" type="stmt"/>
        <line num="177" count="228" type="stmt"/>
        <line num="178" count="83" type="stmt"/>
        <line num="180" count="81" type="stmt"/>
        <line num="182" count="81" type="cond" truecount="2" falsecount="0"/>
        <line num="183" count="1" type="stmt"/>
        <line num="184" count="2" type="stmt"/>
        <line num="187" count="81" type="cond" truecount="2" falsecount="0"/>
        <line num="188" count="3" type="stmt"/>
        <line num="191" count="2" type="stmt"/>
        <line num="195" count="228" type="stmt"/>
        <line num="196" count="83" type="stmt"/>
        <line num="197" count="83" type="stmt"/>
        <line num="198" count="83" type="stmt"/>
        <line num="199" count="83" type="stmt"/>
        <line num="200" count="83" type="stmt"/>
        <line num="201" count="83" type="stmt"/>
        <line num="202" count="83" type="stmt"/>
        <line num="203" count="83" type="stmt"/>
        <line num="204" count="83" type="stmt"/>
        <line num="205" count="83" type="stmt"/>
        <line num="206" count="83" type="stmt"/>
        <line num="211" count="228" type="stmt"/>
        <line num="212" count="83" type="stmt"/>
        <line num="213" count="83" type="stmt"/>
        <line num="216" count="228" type="cond" truecount="2" falsecount="0"/>
        <line num="220" count="228" type="stmt"/>
        <line num="221" count="228" type="stmt"/>
        <line num="222" count="228" type="stmt"/>
        <line num="223" count="88" type="cond" truecount="2" falsecount="0"/>
        <line num="224" count="18" type="stmt"/>
        <line num="225" count="18" type="stmt"/>
        <line num="226" count="18" type="stmt"/>
        <line num="229" count="70" type="cond" truecount="2" falsecount="0"/>
        <line num="233" count="3" type="stmt"/>
        <line num="234" count="3" type="stmt"/>
        <line num="235" count="3" type="cond" truecount="2" falsecount="0"/>
        <line num="236" count="1" type="stmt"/>
        <line num="237" count="1" type="stmt"/>
        <line num="238" count="1" type="stmt"/>
        <line num="241" count="3" type="stmt"/>
        <line num="242" count="3" type="stmt"/>
        <line num="243" count="3" type="stmt"/>
        <line num="244" count="3" type="stmt"/>
        <line num="245" count="3" type="stmt"/>
        <line num="251" count="228" type="stmt"/>
        <line num="252" count="228" type="stmt"/>
        <line num="253" count="86" type="cond" truecount="2" falsecount="0"/>
        <line num="254" count="18" type="stmt"/>
        <line num="255" count="18" type="stmt"/>
        <line num="257" count="68" type="stmt"/>
        <line num="258" count="68" type="stmt"/>
        <line num="266" count="68" type="stmt"/>
        <line num="267" count="68" type="stmt"/>
        <line num="268" count="68" type="stmt"/>
        <line num="269" count="68" type="stmt"/>
        <line num="270" count="68" type="stmt"/>
        <line num="271" count="68" type="stmt"/>
        <line num="272" count="68" type="stmt"/>
        <line num="277" count="228" type="stmt"/>
        <line num="278" count="171" type="cond" truecount="2" falsecount="0"/>
        <line num="279" count="137" type="stmt"/>
        <line num="280" count="137" type="cond" truecount="2" falsecount="0"/>
        <line num="281" count="62" type="stmt"/>
        <line num="282" count="8" type="stmt"/>
        <line num="283" count="171" type="cond" truecount="2" falsecount="0"/>
        <line num="287" count="228" type="stmt"/>
        <line num="288" count="153" type="cond" truecount="2" falsecount="0"/>
        <line num="290" count="69" type="stmt"/>
        <line num="291" count="69" type="cond" truecount="2" falsecount="0"/>
        <line num="292" count="2" type="cond" truecount="2" falsecount="0"/>
        <line num="293" count="1" type="stmt"/>
        <line num="297" count="67" type="stmt"/>
        <line num="299" count="66" type="stmt"/>
        <line num="300" count="66" type="cond" truecount="2" falsecount="0"/>
        <line num="301" count="3" type="stmt"/>
        <line num="304" count="1" type="stmt"/>
        <line num="308" count="228" type="stmt"/>
        <line num="309" count="38" type="stmt"/>
        <line num="310" count="38" type="cond" truecount="25" falsecount="0"/>
        <line num="312" count="6" type="stmt"/>
        <line num="313" count="6" type="stmt"/>
        <line num="315" count="1" type="stmt"/>
        <line num="316" count="1" type="stmt"/>
        <line num="318" count="1" type="stmt"/>
        <line num="319" count="1" type="stmt"/>
        <line num="320" count="1" type="stmt"/>
        <line num="321" count="1" type="stmt"/>
        <line num="323" count="2" type="stmt"/>
        <line num="324" count="2" type="stmt"/>
        <line num="326" count="1" type="stmt"/>
        <line num="327" count="1" type="stmt"/>
        <line num="329" count="1" type="stmt"/>
        <line num="330" count="1" type="stmt"/>
        <line num="332" count="1" type="stmt"/>
        <line num="333" count="1" type="stmt"/>
        <line num="335" count="1" type="stmt"/>
        <line num="336" count="1" type="stmt"/>
        <line num="337" count="1" type="stmt"/>
        <line num="339" count="1" type="stmt"/>
        <line num="340" count="1" type="stmt"/>
        <line num="341" count="1" type="stmt"/>
        <line num="343" count="1" type="stmt"/>
        <line num="344" count="1" type="stmt"/>
        <line num="345" count="1" type="stmt"/>
        <line num="347" count="1" type="stmt"/>
        <line num="348" count="1" type="stmt"/>
        <line num="350" count="1" type="stmt"/>
        <line num="351" count="1" type="stmt"/>
        <line num="352" count="1" type="stmt"/>
        <line num="354" count="1" type="stmt"/>
        <line num="355" count="1" type="stmt"/>
        <line num="357" count="1" type="stmt"/>
        <line num="358" count="1" type="stmt"/>
        <line num="360" count="3" type="stmt"/>
        <line num="361" count="3" type="cond" truecount="2" falsecount="0"/>
        <line num="362" count="3" type="cond" truecount="2" falsecount="0"/>
        <line num="363" count="3" type="stmt"/>
        <line num="364" count="3" type="cond" truecount="2" falsecount="0"/>
        <line num="365" count="2" type="stmt"/>
        <line num="367" count="3" type="stmt"/>
        <line num="370" count="1" type="stmt"/>
        <line num="371" count="1" type="stmt"/>
        <line num="373" count="1" type="stmt"/>
        <line num="374" count="1" type="stmt"/>
        <line num="376" count="2" type="stmt"/>
        <line num="377" count="2" type="cond" truecount="2" falsecount="0"/>
        <line num="378" count="1" type="stmt"/>
        <line num="380" count="1" type="stmt"/>
        <line num="382" count="2" type="stmt"/>
        <line num="385" count="2" type="stmt"/>
        <line num="386" count="2" type="stmt"/>
        <line num="388" count="3" type="cond" truecount="2" falsecount="0"/>
        <line num="389" count="3" type="stmt"/>
        <line num="391" count="1" type="stmt"/>
        <line num="392" count="1" type="stmt"/>
        <line num="394" count="1" type="stmt"/>
        <line num="395" count="1" type="stmt"/>
        <line num="396" count="1" type="stmt"/>
        <line num="397" count="1" type="stmt"/>
        <line num="399" count="1" type="stmt"/>
        <line num="400" count="1" type="stmt"/>
        <line num="403" count="2" type="stmt"/>
        <line num="404" count="2" type="cond" truecount="2" falsecount="0"/>
        <line num="406" count="1" type="stmt"/>
        <line num="407" count="1" type="cond" truecount="1" falsecount="1"/>
        <line num="408" count="0" type="stmt"/>
        <line num="410" count="1" type="stmt"/>
        <line num="411" count="1" type="stmt"/>
        <line num="413" count="2" type="stmt"/>
        <line num="416" count="1" type="stmt"/>
        <line num="417" count="1" type="stmt"/>
        <line num="421" count="228" type="stmt"/>
        <line num="422" count="2" type="stmt"/>
        <line num="423" count="2" type="cond" truecount="2" falsecount="0"/>
        <line num="426" count="228" type="stmt"/>
        <line num="430" count="228" type="cond" truecount="4" falsecount="0"/>
        <line num="431" count="56" type="stmt"/>
        <line num="433" count="56" type="stmt"/>
        <line num="435" count="1" type="stmt"/>
        <line num="445" count="0" type="cond" truecount="0" falsecount="2"/>
        <line num="465" count="172" type="stmt"/>
        <line num="466" count="172" type="cond" truecount="2" falsecount="0"/>
        <line num="467" count="84" type="stmt"/>
        <line num="469" count="9" type="stmt"/>
        <line num="472" count="228" type="cond" truecount="2" falsecount="0"/>
        <line num="478" count="228" type="cond" truecount="2" falsecount="0"/>
        <line num="480" count="228" type="stmt"/>
        <line num="524" count="0" type="cond" truecount="0" falsecount="2"/>
        <line num="541" count="1" type="stmt"/>
        <line num="546" count="1" type="stmt"/>
      </file>
    </package>
    <package name="src.components">
      <metrics statements="62" coveredstatements="62" conditionals="40" coveredconditionals="40" methods="46" coveredmethods="46"/>
      <file name="CommandPalette.tsx" path="/Users/tyler/Code/fury/src/components/CommandPalette.tsx">
        <metrics statements="42" coveredstatements="42" conditionals="26" coveredconditionals="26" methods="35" coveredmethods="35"/>
        <line num="31" count="138" type="stmt"/>
        <line num="32" count="138" type="stmt"/>
        <line num="33" count="138" type="stmt"/>
        <line num="34" count="138" type="stmt"/>
        <line num="35" count="46" type="stmt"/>
        <line num="36" count="138" type="stmt"/>
        <line num="38" count="46" type="stmt"/>
        <line num="39" count="17" type="stmt"/>
        <line num="40" count="17" type="stmt"/>
        <line num="43" count="46" type="stmt"/>
        <line num="44" count="4454" type="stmt"/>
        <line num="45" count="455" type="cond" truecount="2" falsecount="0"/>
        <line num="48" count="46" type="stmt"/>
        <line num="104" count="1" type="stmt"/>
        <line num="111" count="1" type="stmt"/>
        <line num="118" count="1" type="stmt"/>
        <line num="125" count="1" type="stmt"/>
        <line num="139" count="1" type="stmt"/>
        <line num="143" count="1" type="stmt"/>
        <line num="148" count="1" type="stmt"/>
        <line num="151" count="1" type="stmt"/>
        <line num="155" count="1" type="stmt"/>
        <line num="161" count="1" type="stmt"/>
        <line num="167" count="1" type="stmt"/>
        <line num="173" count="1" type="stmt"/>
        <line num="179" count="1" type="stmt"/>
        <line num="185" count="1" type="stmt"/>
        <line num="200" count="1" type="stmt"/>
        <line num="206" count="1" type="stmt"/>
        <line num="211" count="1" type="stmt"/>
        <line num="228" count="9" type="cond" truecount="2" falsecount="0"/>
        <line num="230" count="35" type="stmt"/>
        <line num="231" count="25" type="stmt"/>
        <line num="235" count="2" type="stmt"/>
        <line num="236" count="2" type="stmt"/>
        <line num="255" count="9" type="stmt"/>
        <line num="256" count="9" type="stmt"/>
        <line num="260" count="1" type="stmt"/>
        <line num="261" count="1" type="stmt"/>
        <line num="262" count="1" type="stmt"/>
        <line num="263" count="1" type="stmt"/>
        <line num="316" count="612" type="stmt"/>
      </file>
      <file name="ErrorBoundary.tsx" path="/Users/tyler/Code/fury/src/components/ErrorBoundary.tsx">
        <metrics statements="9" coveredstatements="9" conditionals="10" coveredconditionals="10" methods="5" coveredmethods="5"/>
        <line num="16" count="11" type="stmt"/>
        <line num="19" count="12" type="stmt"/>
        <line num="23" count="6" type="cond" truecount="2" falsecount="0"/>
        <line num="27" count="4" type="cond" truecount="4" falsecount="0"/>
        <line num="28" count="1" type="stmt"/>
        <line num="33" count="28" type="cond" truecount="2" falsecount="0"/>
        <line num="34" count="14" type="stmt"/>
        <line num="49" count="1" type="stmt"/>
        <line num="62" count="14" type="stmt"/>
      </file>
      <file name="Toast.tsx" path="/Users/tyler/Code/fury/src/components/Toast.tsx">
        <metrics statements="11" coveredstatements="11" conditionals="4" coveredconditionals="4" methods="6" coveredmethods="6"/>
        <line num="4" count="1" type="stmt"/>
        <line num="10" count="1" type="stmt"/>
        <line num="17" count="30" type="stmt"/>
        <line num="18" count="30" type="stmt"/>
        <line num="20" count="10" type="cond" truecount="2" falsecount="0"/>
        <line num="22" count="9" type="stmt"/>
        <line num="25" count="13" type="stmt"/>
        <line num="26" count="13" type="stmt"/>
        <line num="45" count="1" type="stmt"/>
        <line num="46" count="1" type="stmt"/>
        <line num="58" count="1" type="stmt"/>
      </file>
    </package>
    <package name="src.components.activity-log">
      <metrics statements="58" coveredstatements="58" conditionals="38" coveredconditionals="38" methods="24" coveredmethods="24"/>
      <file name="ActivityLogView.tsx" path="/Users/tyler/Code/fury/src/components/activity-log/ActivityLogView.tsx">
        <metrics statements="58" coveredstatements="58" conditionals="38" coveredconditionals="38" methods="24" coveredmethods="24"/>
        <line num="24" count="1" type="stmt"/>
        <line num="41" count="1" type="stmt"/>
        <line num="58" count="1" type="stmt"/>
        <line num="68" count="42" type="stmt"/>
        <line num="69" count="42" type="stmt"/>
        <line num="70" count="42" type="cond" truecount="2" falsecount="0"/>
        <line num="71" count="14" type="stmt"/>
        <line num="72" count="14" type="cond" truecount="2" falsecount="0"/>
        <line num="73" count="12" type="stmt"/>
        <line num="74" count="12" type="cond" truecount="2" falsecount="0"/>
        <line num="75" count="6" type="stmt"/>
        <line num="76" count="6" type="stmt"/>
        <line num="85" count="40" type="stmt"/>
        <line num="86" count="40" type="stmt"/>
        <line num="87" count="40" type="stmt"/>
        <line num="88" count="40" type="stmt"/>
        <line num="89" count="40" type="stmt"/>
        <line num="91" count="40" type="stmt"/>
        <line num="92" count="40" type="stmt"/>
        <line num="94" count="37" type="cond" truecount="4" falsecount="0"/>
        <line num="95" count="8" type="cond" truecount="2" falsecount="0"/>
        <line num="96" count="4" type="stmt"/>
        <line num="97" count="4" type="stmt"/>
        <line num="98" count="37" type="stmt"/>
        <line num="101" count="40" type="stmt"/>
        <line num="102" count="160" type="stmt"/>
        <line num="103" count="32" type="stmt"/>
        <line num="107" count="138" type="stmt"/>
        <line num="108" count="160" type="stmt"/>
        <line num="109" count="160" type="stmt"/>
        <line num="110" count="160" type="stmt"/>
        <line num="111" count="46" type="stmt"/>
        <line num="114" count="46" type="stmt"/>
        <line num="115" count="19" type="cond" truecount="2" falsecount="0"/>
        <line num="116" count="17" type="stmt"/>
        <line num="120" count="46" type="stmt"/>
        <line num="121" count="40" type="cond" truecount="2" falsecount="0"/>
        <line num="125" count="46" type="stmt"/>
        <line num="127" count="46" type="stmt"/>
        <line num="128" count="78" type="cond" truecount="2" falsecount="0"/>
        <line num="129" count="45" type="stmt"/>
        <line num="132" count="46" type="stmt"/>
        <line num="133" count="4" type="stmt"/>
        <line num="134" count="3" type="stmt"/>
        <line num="135" count="4" type="cond" truecount="2" falsecount="0"/>
        <line num="136" count="1" type="stmt"/>
        <line num="138" count="3" type="cond" truecount="2" falsecount="0"/>
        <line num="143" count="46" type="stmt"/>
        <line num="158" count="6" type="stmt"/>
        <line num="167" count="2" type="cond" truecount="2" falsecount="0"/>
        <line num="168" count="1" type="stmt"/>
        <line num="187" count="78" type="stmt"/>
        <line num="188" count="78" type="stmt"/>
        <line num="191" count="3" type="stmt"/>
        <line num="205" count="1" type="stmt"/>
        <line num="228" count="36" type="stmt"/>
        <line num="239" count="42" type="stmt"/>
        <line num="240" count="42" type="stmt"/>
      </file>
    </package>
    <package name="src.components.chat">
      <metrics statements="831" coveredstatements="779" conditionals="676" coveredconditionals="611" methods="266" coveredmethods="250"/>
      <file name="ActionBar.tsx" path="/Users/tyler/Code/fury/src/components/chat/ActionBar.tsx">
        <metrics statements="2" coveredstatements="2" conditionals="8" coveredconditionals="8" methods="2" coveredmethods="2"/>
        <line num="10" count="19" type="stmt"/>
        <line num="31" count="35" type="stmt"/>
      </file>
      <file name="AttachmentImage.tsx" path="/Users/tyler/Code/fury/src/components/chat/AttachmentImage.tsx">
        <metrics statements="11" coveredstatements="11" conditionals="4" coveredconditionals="4" methods="4" coveredmethods="4"/>
        <line num="6" count="7" type="stmt"/>
        <line num="7" count="7" type="stmt"/>
        <line num="9" count="7" type="stmt"/>
        <line num="10" count="4" type="stmt"/>
        <line num="11" count="4" type="stmt"/>
        <line num="18" count="1" type="stmt"/>
        <line num="28" count="7" type="cond" truecount="2" falsecount="0"/>
        <line num="29" count="1" type="stmt"/>
        <line num="37" count="6" type="cond" truecount="2" falsecount="0"/>
        <line num="38" count="4" type="stmt"/>
        <line num="43" count="2" type="stmt"/>
      </file>
      <file name="ChatEmptyState.tsx" path="/Users/tyler/Code/fury/src/components/chat/ChatEmptyState.tsx">
        <metrics statements="19" coveredstatements="19" conditionals="0" coveredconditionals="0" methods="11" coveredmethods="11"/>
        <line num="20" count="1" type="stmt"/>
        <line num="65" count="1" type="stmt"/>
        <line num="88" count="18" type="stmt"/>
        <line num="113" count="108" type="stmt"/>
        <line num="116" count="6" type="stmt"/>
        <line num="124" count="36" type="stmt"/>
        <line num="127" count="2" type="stmt"/>
        <line num="151" count="108" type="stmt"/>
        <line num="160" count="2" type="stmt"/>
        <line num="161" count="2" type="stmt"/>
        <line num="164" count="1" type="stmt"/>
        <line num="165" count="1" type="stmt"/>
        <line num="202" count="36" type="stmt"/>
        <line num="212" count="2" type="stmt"/>
        <line num="213" count="2" type="stmt"/>
        <line num="214" count="2" type="stmt"/>
        <line num="217" count="1" type="stmt"/>
        <line num="218" count="1" type="stmt"/>
        <line num="219" count="1" type="stmt"/>
      </file>
      <file name="ChatPanel.tsx" path="/Users/tyler/Code/fury/src/components/chat/ChatPanel.tsx">
        <metrics statements="128" coveredstatements="124" conditionals="82" coveredconditionals="79" methods="48" coveredmethods="46"/>
        <line num="18" count="1" type="stmt"/>
        <line num="26" count="85" type="stmt"/>
        <line num="27" count="265" type="cond" truecount="2" falsecount="0"/>
        <line num="29" count="265" type="stmt"/>
        <line num="30" count="85" type="stmt"/>
        <line num="31" count="265" type="cond" truecount="2" falsecount="0"/>
        <line num="33" count="85" type="stmt"/>
        <line num="34" count="265" type="cond" truecount="2" falsecount="0"/>
        <line num="36" count="85" type="stmt"/>
        <line num="37" count="265" type="cond" truecount="2" falsecount="0"/>
        <line num="39" count="85" type="stmt"/>
        <line num="40" count="265" type="cond" truecount="2" falsecount="0"/>
        <line num="42" count="85" type="stmt"/>
        <line num="43" count="265" type="cond" truecount="2" falsecount="0"/>
        <line num="47" count="85" type="stmt"/>
        <line num="48" count="85" type="stmt"/>
        <line num="49" count="85" type="stmt"/>
        <line num="50" count="85" type="stmt"/>
        <line num="51" count="85" type="stmt"/>
        <line num="52" count="85" type="stmt"/>
        <line num="53" count="85" type="stmt"/>
        <line num="54" count="85" type="stmt"/>
        <line num="55" count="255" type="cond" truecount="2" falsecount="0"/>
        <line num="62" count="85" type="stmt"/>
        <line num="64" count="54" type="stmt"/>
        <line num="65" count="37" type="stmt"/>
        <line num="66" count="37" type="stmt"/>
        <line num="68" count="37" type="stmt"/>
        <line num="69" count="37" type="stmt"/>
        <line num="70" count="37" type="stmt"/>
        <line num="72" count="37" type="cond" truecount="2" falsecount="0"/>
        <line num="73" count="35" type="stmt"/>
        <line num="74" count="10" type="stmt"/>
        <line num="75" count="10" type="stmt"/>
        <line num="76" count="10" type="stmt"/>
        <line num="77" count="10" type="stmt"/>
        <line num="85" count="54" type="stmt"/>
        <line num="86" count="54" type="stmt"/>
        <line num="87" count="54" type="stmt"/>
        <line num="88" count="54" type="cond" truecount="2" falsecount="0"/>
        <line num="89" count="50" type="stmt"/>
        <line num="95" count="85" type="stmt"/>
        <line num="96" count="54" type="cond" truecount="4" falsecount="0"/>
        <line num="97" count="25" type="stmt"/>
        <line num="101" count="85" type="stmt"/>
        <line num="102" count="85" type="stmt"/>
        <line num="103" count="85" type="stmt"/>
        <line num="104" count="85" type="stmt"/>
        <line num="106" count="85" type="stmt"/>
        <line num="107" count="85" type="stmt"/>
        <line num="110" count="85" type="stmt"/>
        <line num="111" count="65" type="cond" truecount="2" falsecount="0"/>
        <line num="112" count="7" type="stmt"/>
        <line num="113" count="5" type="cond" truecount="2" falsecount="0"/>
        <line num="117" count="3" type="stmt"/>
        <line num="119" count="2" type="stmt"/>
        <line num="121" count="7" type="stmt"/>
        <line num="122" count="7" type="stmt"/>
        <line num="126" count="85" type="stmt"/>
        <line num="127" count="65" type="cond" truecount="2" falsecount="0"/>
        <line num="128" count="7" type="stmt"/>
        <line num="129" count="6" type="cond" truecount="2" falsecount="0"/>
        <line num="133" count="4" type="stmt"/>
        <line num="135" count="2" type="stmt"/>
        <line num="137" count="7" type="stmt"/>
        <line num="138" count="7" type="stmt"/>
        <line num="141" count="85" type="stmt"/>
        <line num="143" count="85" type="stmt"/>
        <line num="144" count="54" type="stmt"/>
        <line num="145" count="54" type="cond" truecount="2" falsecount="0"/>
        <line num="149" count="85" type="stmt"/>
        <line num="150" count="1" type="stmt"/>
        <line num="152" count="1" type="cond" truecount="1" falsecount="1"/>
        <line num="153" count="1" type="stmt"/>
        <line num="156" count="85" type="stmt"/>
        <line num="162" count="5" type="stmt"/>
        <line num="163" count="5" type="stmt"/>
        <line num="164" count="5" type="stmt"/>
        <line num="168" count="1" type="stmt"/>
        <line num="174" count="85" type="stmt"/>
        <line num="175" count="2" type="stmt"/>
        <line num="176" count="2" type="stmt"/>
        <line num="178" count="1" type="stmt"/>
        <line num="182" count="85" type="stmt"/>
        <line num="183" count="7" type="cond" truecount="4" falsecount="0"/>
        <line num="185" count="5" type="stmt"/>
        <line num="186" count="7" type="stmt"/>
        <line num="187" count="5" type="cond" truecount="2" falsecount="0"/>
        <line num="188" count="4" type="stmt"/>
        <line num="189" count="4" type="stmt"/>
        <line num="190" count="3" type="stmt"/>
        <line num="192" count="4" type="cond" truecount="2" falsecount="0"/>
        <line num="194" count="3" type="stmt"/>
        <line num="195" count="3" type="stmt"/>
        <line num="200" count="7" type="stmt"/>
        <line num="201" count="7" type="stmt"/>
        <line num="205" count="1" type="stmt"/>
        <line num="209" count="85" type="stmt"/>
        <line num="210" count="1" type="stmt"/>
        <line num="213" count="85" type="stmt"/>
        <line num="214" count="3" type="stmt"/>
        <line num="215" count="3" type="cond" truecount="2" falsecount="0"/>
        <line num="216" count="2" type="stmt"/>
        <line num="217" count="2" type="stmt"/>
        <line num="219" count="1" type="stmt"/>
        <line num="223" count="85" type="stmt"/>
        <line num="224" count="3" type="stmt"/>
        <line num="225" count="3" type="stmt"/>
        <line num="228" count="2" type="cond" truecount="3" falsecount="2"/>
        <line num="229" count="0" type="stmt"/>
        <line num="230" count="0" type="stmt"/>
        <line num="233" count="2" type="stmt"/>
        <line num="235" count="1" type="stmt"/>
        <line num="239" count="85" type="stmt"/>
        <line num="240" count="0" type="stmt"/>
        <line num="241" count="0" type="stmt"/>
        <line num="244" count="85" type="stmt"/>
        <line num="257" count="1" type="stmt"/>
        <line num="264" count="8" type="stmt"/>
        <line num="265" count="8" type="cond" truecount="2" falsecount="0"/>
        <line num="281" count="8" type="stmt"/>
        <line num="282" count="8" type="cond" truecount="2" falsecount="0"/>
        <line num="298" count="1" type="stmt"/>
        <line num="305" count="1" type="stmt"/>
        <line num="328" count="3" type="cond" truecount="2" falsecount="0"/>
        <line num="329" count="2" type="cond" truecount="2" falsecount="0"/>
        <line num="336" count="1" type="stmt"/>
        <line num="342" count="1" type="stmt"/>
      </file>
      <file name="ChatSearch.tsx" path="/Users/tyler/Code/fury/src/components/chat/ChatSearch.tsx">
        <metrics statements="40" coveredstatements="40" conditionals="24" coveredconditionals="24" methods="11" coveredmethods="11"/>
        <line num="13" count="178" type="stmt"/>
        <line num="14" count="178" type="stmt"/>
        <line num="15" count="178" type="stmt"/>
        <line num="16" count="178" type="stmt"/>
        <line num="17" count="178" type="stmt"/>
        <line num="18" count="178" type="stmt"/>
        <line num="21" count="178" type="stmt"/>
        <line num="22" count="17" type="stmt"/>
        <line num="26" count="178" type="stmt"/>
        <line num="27" count="82" type="cond" truecount="2" falsecount="0"/>
        <line num="29" count="82" type="cond" truecount="2" falsecount="0"/>
        <line num="30" count="20" type="stmt"/>
        <line num="31" count="20" type="stmt"/>
        <line num="32" count="20" type="stmt"/>
        <line num="35" count="62" type="stmt"/>
        <line num="36" count="62" type="stmt"/>
        <line num="37" count="14" type="stmt"/>
        <line num="38" count="14" type="stmt"/>
        <line num="42" count="13" type="stmt"/>
        <line num="44" count="1" type="stmt"/>
        <line num="45" count="1" type="stmt"/>
        <line num="47" count="14" type="stmt"/>
        <line num="58" count="178" type="stmt"/>
        <line num="60" count="63" type="cond" truecount="2" falsecount="0"/>
        <line num="61" count="1" type="stmt"/>
        <line num="67" count="178" type="stmt"/>
        <line num="68" count="11" type="cond" truecount="3" falsecount="0"/>
        <line num="70" count="9" type="stmt"/>
        <line num="72" count="1" type="stmt"/>
        <line num="74" count="1" type="stmt"/>
        <line num="78" count="178" type="stmt"/>
        <line num="79" count="11" type="stmt"/>
        <line num="80" count="11" type="stmt"/>
        <line num="81" count="11" type="stmt"/>
        <line num="88" count="1" type="stmt"/>
        <line num="92" count="178" type="stmt"/>
        <line num="113" count="63" type="stmt"/>
        <line num="138" count="2" type="stmt"/>
        <line num="161" count="11" type="stmt"/>
        <line num="163" count="1" type="stmt"/>
      </file>
      <file name="ChatTOC.tsx" path="/Users/tyler/Code/fury/src/components/chat/ChatTOC.tsx">
        <metrics statements="12" coveredstatements="12" conditionals="8" coveredconditionals="8" methods="6" coveredmethods="6"/>
        <line num="11" count="11" type="stmt"/>
        <line num="12" count="2" type="stmt"/>
        <line num="13" count="2" type="cond" truecount="2" falsecount="0"/>
        <line num="14" count="1" type="stmt"/>
        <line num="16" count="1" type="stmt"/>
        <line num="22" count="11" type="stmt"/>
        <line num="59" count="14" type="cond" truecount="2" falsecount="0"/>
        <line num="62" count="13" type="stmt"/>
        <line num="64" count="12" type="stmt"/>
        <line num="67" count="14" type="cond" truecount="2" falsecount="0"/>
        <line num="69" count="14" type="stmt"/>
        <line num="72" count="2" type="stmt"/>
      </file>
      <file name="CodeBlockToolbar.tsx" path="/Users/tyler/Code/fury/src/components/chat/CodeBlockToolbar.tsx">
        <metrics statements="23" coveredstatements="23" conditionals="14" coveredconditionals="14" methods="6" coveredmethods="6"/>
        <line num="22" count="29" type="stmt"/>
        <line num="23" count="29" type="stmt"/>
        <line num="25" count="29" type="stmt"/>
        <line num="26" count="3" type="stmt"/>
        <line num="27" count="3" type="stmt"/>
        <line num="28" count="2" type="stmt"/>
        <line num="29" count="2" type="stmt"/>
        <line num="30" count="2" type="stmt"/>
        <line num="32" count="1" type="stmt"/>
        <line num="36" count="29" type="stmt"/>
        <line num="41" count="6" type="stmt"/>
        <line num="42" count="6" type="stmt"/>
        <line num="43" count="6" type="cond" truecount="2" falsecount="0"/>
        <line num="44" count="5" type="stmt"/>
        <line num="46" count="1" type="stmt"/>
        <line num="48" count="4" type="stmt"/>
        <line num="51" count="4" type="stmt"/>
        <line num="54" count="4" type="stmt"/>
        <line num="55" count="4" type="stmt"/>
        <line num="57" count="2" type="stmt"/>
        <line num="60" count="2" type="stmt"/>
        <line num="61" count="2" type="stmt"/>
        <line num="65" count="29" type="stmt"/>
      </file>
      <file name="Composer.tsx" path="/Users/tyler/Code/fury/src/components/chat/Composer.tsx">
        <metrics statements="257" coveredstatements="231" conditionals="284" coveredconditionals="265" methods="62" coveredmethods="56"/>
        <line num="22" count="1" type="stmt"/>
        <line num="29" count="1" type="stmt"/>
        <line num="37" count="1" type="stmt"/>
        <line num="67" count="714" type="cond" truecount="2" falsecount="0"/>
        <line num="68" count="2049" type="stmt"/>
        <line num="69" count="2050" type="cond" truecount="2" falsecount="0"/>
        <line num="70" count="714" type="stmt"/>
        <line num="71" count="714" type="cond" truecount="2" falsecount="0"/>
        <line num="72" count="714" type="stmt"/>
        <line num="73" count="714" type="stmt"/>
        <line num="74" count="714" type="stmt"/>
        <line num="77" count="714" type="stmt"/>
        <line num="78" count="714" type="stmt"/>
        <line num="79" count="714" type="stmt"/>
        <line num="89" count="714" type="stmt"/>
        <line num="92" count="714" type="stmt"/>
        <line num="94" count="714" type="stmt"/>
        <line num="95" count="714" type="stmt"/>
        <line num="98" count="714" type="stmt"/>
        <line num="100" count="714" type="stmt"/>
        <line num="103" count="714" type="stmt"/>
        <line num="105" count="714" type="stmt"/>
        <line num="108" count="714" type="stmt"/>
        <line num="117" count="714" type="stmt"/>
        <line num="134" count="714" type="stmt"/>
        <line num="136" count="1" type="stmt"/>
        <line num="137" count="1" type="cond" truecount="3" falsecount="1"/>
        <line num="138" count="1" type="stmt"/>
        <line num="142" count="1" type="stmt"/>
        <line num="146" count="721" type="cond" truecount="1" falsecount="1"/>
        <line num="148" count="714" type="stmt"/>
        <line num="149" count="714" type="stmt"/>
        <line num="150" count="714" type="cond" truecount="3" falsecount="0"/>
        <line num="153" count="714" type="stmt"/>
        <line num="154" count="139" type="stmt"/>
        <line num="160" count="714" type="stmt"/>
        <line num="162" count="139" type="stmt"/>
        <line num="163" count="100" type="stmt"/>
        <line num="164" count="100" type="stmt"/>
        <line num="166" count="100" type="stmt"/>
        <line num="167" count="74" type="stmt"/>
        <line num="168" count="74" type="cond" truecount="2" falsecount="0"/>
        <line num="169" count="57" type="cond" truecount="2" falsecount="0"/>
        <line num="170" count="1" type="stmt"/>
        <line num="174" count="139" type="stmt"/>
        <line num="175" count="139" type="stmt"/>
        <line num="176" count="139" type="stmt"/>
        <line num="181" count="714" type="stmt"/>
        <line num="182" count="460" type="stmt"/>
        <line num="191" count="714" type="stmt"/>
        <line num="192" count="143" type="cond" truecount="2" falsecount="0"/>
        <line num="193" count="3" type="stmt"/>
        <line num="194" count="3" type="stmt"/>
        <line num="195" count="3" type="stmt"/>
        <line num="196" count="3" type="stmt"/>
        <line num="197" count="3" type="stmt"/>
        <line num="202" count="714" type="stmt"/>
        <line num="203" count="171" type="cond" truecount="2" falsecount="0"/>
        <line num="204" count="18" type="stmt"/>
        <line num="205" count="18" type="stmt"/>
        <line num="206" count="18" type="stmt"/>
        <line num="207" count="18" type="stmt"/>
        <line num="208" count="18" type="stmt"/>
        <line num="212" count="714" type="stmt"/>
        <line num="213" count="11" type="stmt"/>
        <line num="214" count="11" type="stmt"/>
        <line num="218" count="2049" type="cond" truecount="2" falsecount="0"/>
        <line num="219" count="714" type="stmt"/>
        <line num="220" count="178" type="stmt"/>
        <line num="221" count="178" type="cond" truecount="5" falsecount="0"/>
        <line num="222" count="144" type="stmt"/>
        <line num="224" count="178" type="stmt"/>
        <line num="225" count="178" type="stmt"/>
        <line num="226" count="126" type="cond" truecount="4" falsecount="0"/>
        <line num="227" count="82" type="stmt"/>
        <line num="228" count="82" type="stmt"/>
        <line num="230" count="126" type="cond" truecount="2" falsecount="0"/>
        <line num="232" count="178" type="stmt"/>
        <line num="235" count="714" type="stmt"/>
        <line num="238" count="15" type="cond" truecount="4" falsecount="0"/>
        <line num="239" count="11" type="stmt"/>
        <line num="240" count="11" type="stmt"/>
        <line num="241" count="11" type="cond" truecount="1" falsecount="1"/>
        <line num="242" count="0" type="stmt"/>
        <line num="244" count="0" type="cond" truecount="0" falsecount="2"/>
        <line num="246" count="0" type="cond" truecount="0" falsecount="2"/>
        <line num="247" count="0" type="stmt"/>
        <line num="248" count="0" type="stmt"/>
        <line num="249" count="0" type="stmt"/>
        <line num="250" count="0" type="stmt"/>
        <line num="255" count="15" type="cond" truecount="2" falsecount="0"/>
        <line num="256" count="14" type="stmt"/>
        <line num="257" count="14" type="cond" truecount="2" falsecount="0"/>
        <line num="260" count="15" type="cond" truecount="5" falsecount="0"/>
        <line num="261" count="1" type="stmt"/>
        <line num="262" count="1" type="stmt"/>
        <line num="266" count="14" type="cond" truecount="2" falsecount="0"/>
        <line num="267" count="5" type="stmt"/>
        <line num="268" count="5" type="cond" truecount="2" falsecount="0"/>
        <line num="272" count="5" type="stmt"/>
        <line num="273" count="5" type="cond" truecount="2" falsecount="0"/>
        <line num="276" count="14" type="cond" truecount="4" falsecount="0"/>
        <line num="277" count="15" type="stmt"/>
        <line num="278" count="15" type="stmt"/>
        <line num="279" count="15" type="stmt"/>
        <line num="280" count="15" type="stmt"/>
        <line num="281" count="15" type="stmt"/>
        <line num="282" count="15" type="stmt"/>
        <line num="289" count="714" type="stmt"/>
        <line num="291" count="8" type="stmt"/>
        <line num="294" count="8" type="stmt"/>
        <line num="295" count="8" type="stmt"/>
        <line num="296" count="8" type="stmt"/>
        <line num="297" count="8" type="stmt"/>
        <line num="299" count="8" type="cond" truecount="2" falsecount="0"/>
        <line num="300" count="3" type="stmt"/>
        <line num="302" count="5" type="stmt"/>
        <line num="304" count="8" type="stmt"/>
        <line num="309" count="714" type="stmt"/>
        <line num="311" count="347" type="cond" truecount="2" falsecount="0"/>
        <line num="314" count="331" type="cond" truecount="4" falsecount="0"/>
        <line num="315" count="46" type="cond" truecount="2" falsecount="0"/>
        <line num="316" count="3" type="stmt"/>
        <line num="317" count="3" type="stmt"/>
        <line num="318" count="3" type="stmt"/>
        <line num="320" count="3" type="stmt"/>
        <line num="322" count="43" type="cond" truecount="2" falsecount="0"/>
        <line num="323" count="2" type="stmt"/>
        <line num="324" count="2" type="stmt"/>
        <line num="325" count="2" type="stmt"/>
        <line num="327" count="41" type="cond" truecount="4" falsecount="0"/>
        <line num="328" count="5" type="stmt"/>
        <line num="329" count="5" type="stmt"/>
        <line num="330" count="5" type="stmt"/>
        <line num="332" count="36" type="cond" truecount="2" falsecount="0"/>
        <line num="333" count="1" type="stmt"/>
        <line num="334" count="1" type="stmt"/>
        <line num="335" count="1" type="stmt"/>
        <line num="340" count="320" type="cond" truecount="7" falsecount="0"/>
        <line num="341" count="2" type="cond" truecount="2" falsecount="0"/>
        <line num="342" count="1" type="stmt"/>
        <line num="343" count="1" type="stmt"/>
        <line num="344" count="1" type="stmt"/>
        <line num="349" count="319" type="cond" truecount="7" falsecount="0"/>
        <line num="350" count="1" type="stmt"/>
        <line num="351" count="1" type="stmt"/>
        <line num="352" count="1" type="stmt"/>
        <line num="356" count="318" type="cond" truecount="7" falsecount="0"/>
        <line num="357" count="1" type="stmt"/>
        <line num="358" count="1" type="stmt"/>
        <line num="359" count="1" type="stmt"/>
        <line num="363" count="317" type="cond" truecount="7" falsecount="0"/>
        <line num="364" count="1" type="stmt"/>
        <line num="368" count="1" type="stmt"/>
        <line num="372" count="316" type="cond" truecount="7" falsecount="0"/>
        <line num="373" count="3" type="stmt"/>
        <line num="374" count="3" type="stmt"/>
        <line num="375" count="3" type="stmt"/>
        <line num="379" count="313" type="cond" truecount="7" falsecount="0"/>
        <line num="380" count="1" type="stmt"/>
        <line num="381" count="1" type="stmt"/>
        <line num="382" count="1" type="stmt"/>
        <line num="386" count="312" type="cond" truecount="7" falsecount="0"/>
        <line num="387" count="1" type="stmt"/>
        <line num="388" count="1" type="stmt"/>
        <line num="389" count="1" type="stmt"/>
        <line num="393" count="311" type="cond" truecount="6" falsecount="0"/>
        <line num="394" count="3" type="cond" truecount="4" falsecount="0"/>
        <line num="395" count="1" type="stmt"/>
        <line num="396" count="1" type="stmt"/>
        <line num="397" count="1" type="stmt"/>
        <line num="408" count="308" type="cond" truecount="4" falsecount="0"/>
        <line num="409" count="8" type="stmt"/>
        <line num="410" count="8" type="stmt"/>
        <line num="414" count="714" type="stmt"/>
        <line num="415" count="287" type="stmt"/>
        <line num="416" count="287" type="stmt"/>
        <line num="417" count="287" type="cond" truecount="2" falsecount="0"/>
        <line num="418" count="1" type="stmt"/>
        <line num="419" count="1" type="stmt"/>
        <line num="422" count="287" type="stmt"/>
        <line num="423" count="287" type="stmt"/>
        <line num="424" count="287" type="stmt"/>
        <line num="425" count="287" type="stmt"/>
        <line num="426" count="287" type="stmt"/>
        <line num="429" count="287" type="stmt"/>
        <line num="430" count="287" type="cond" truecount="2" falsecount="0"/>
        <line num="431" count="77" type="stmt"/>
        <line num="435" count="287" type="stmt"/>
        <line num="436" count="287" type="cond" truecount="2" falsecount="0"/>
        <line num="437" count="78" type="stmt"/>
        <line num="439" count="78" type="cond" truecount="2" falsecount="0"/>
        <line num="440" count="59" type="cond" truecount="2" falsecount="0"/>
        <line num="441" count="59" type="cond" truecount="5" falsecount="0"/>
        <line num="442" count="58" type="stmt"/>
        <line num="443" count="58" type="stmt"/>
        <line num="444" count="58" type="stmt"/>
        <line num="446" count="1" type="stmt"/>
        <line num="449" count="19" type="stmt"/>
        <line num="452" count="209" type="stmt"/>
        <line num="456" count="287" type="stmt"/>
        <line num="457" count="287" type="stmt"/>
        <line num="458" count="287" type="stmt"/>
        <line num="462" count="714" type="cond" truecount="2" falsecount="0"/>
        <line num="463" count="12" type="stmt"/>
        <line num="464" count="702" type="cond" truecount="2" falsecount="0"/>
        <line num="465" count="12" type="stmt"/>
        <line num="467" count="690" type="stmt"/>
        <line num="471" count="714" type="cond" truecount="2" falsecount="0"/>
        <line num="472" count="2" type="stmt"/>
        <line num="473" count="712" type="cond" truecount="2" falsecount="0"/>
        <line num="474" count="707" type="stmt"/>
        <line num="476" count="5" type="stmt"/>
        <line num="479" count="714" type="stmt"/>
        <line num="493" count="0" type="stmt"/>
        <line num="514" count="1" type="stmt"/>
        <line num="518" count="0" type="stmt"/>
        <line num="524" count="0" type="stmt"/>
        <line num="534" count="1" type="stmt"/>
        <line num="556" count="1" type="stmt"/>
        <line num="581" count="158" type="stmt"/>
        <line num="583" count="1" type="stmt"/>
        <line num="623" count="114" type="stmt"/>
        <line num="625" count="3" type="stmt"/>
        <line num="672" count="41" type="stmt"/>
        <line num="684" count="1" type="stmt"/>
        <line num="734" count="2" type="stmt"/>
        <line num="755" count="0" type="stmt"/>
        <line num="756" count="0" type="stmt"/>
        <line num="757" count="0" type="cond" truecount="0" falsecount="2"/>
        <line num="758" count="0" type="stmt"/>
        <line num="759" count="0" type="stmt"/>
        <line num="760" count="0" type="stmt"/>
        <line num="761" count="0" type="cond" truecount="0" falsecount="2"/>
        <line num="762" count="0" type="stmt"/>
        <line num="763" count="0" type="stmt"/>
        <line num="764" count="0" type="stmt"/>
        <line num="765" count="0" type="cond" truecount="0" falsecount="2"/>
        <line num="766" count="0" type="stmt"/>
        <line num="767" count="0" type="stmt"/>
        <line num="768" count="0" type="cond" truecount="0" falsecount="2"/>
        <line num="769" count="0" type="stmt"/>
        <line num="770" count="0" type="stmt"/>
        <line num="775" count="12" type="stmt"/>
        <line num="779" count="1" type="stmt"/>
        <line num="780" count="1" type="stmt"/>
        <line num="798" count="1" type="stmt"/>
        <line num="812" count="1" type="stmt"/>
        <line num="832" count="18" type="stmt"/>
        <line num="860" count="1" type="stmt"/>
        <line num="871" count="1" type="stmt"/>
        <line num="880" count="1" type="stmt"/>
        <line num="948" count="1" type="stmt"/>
        <line num="950" count="1" type="stmt"/>
        <line num="951" count="1" type="stmt"/>
        <line num="952" count="1" type="stmt"/>
        <line num="953" count="1" type="stmt"/>
      </file>
      <file name="ContextUsageIndicator.tsx" path="/Users/tyler/Code/fury/src/components/chat/ContextUsageIndicator.tsx">
        <metrics statements="20" coveredstatements="20" conditionals="10" coveredconditionals="10" methods="5" coveredmethods="5"/>
        <line num="5" count="1" type="stmt"/>
        <line num="12" count="5" type="stmt"/>
        <line num="23" count="5" type="cond" truecount="4" falsecount="0"/>
        <line num="24" count="2" type="stmt"/>
        <line num="27" count="5" type="stmt"/>
        <line num="32" count="5" type="stmt"/>
        <line num="53" count="22" type="stmt"/>
        <line num="63" count="158" type="stmt"/>
        <line num="65" count="158" type="stmt"/>
        <line num="66" count="158" type="stmt"/>
        <line num="67" count="158" type="stmt"/>
        <line num="69" count="158" type="stmt"/>
        <line num="70" count="158" type="cond" truecount="4" falsecount="0"/>
        <line num="71" count="1" type="stmt"/>
        <line num="73" count="158" type="stmt"/>
        <line num="74" count="158" type="stmt"/>
        <line num="75" count="158" type="stmt"/>
        <line num="77" count="158" type="stmt"/>
        <line num="80" count="3" type="stmt"/>
        <line num="81" count="1" type="stmt"/>
      </file>
      <file name="FileChipIcon.tsx" path="/Users/tyler/Code/fury/src/components/chat/FileChipIcon.tsx">
        <metrics statements="4" coveredstatements="4" conditionals="9" coveredconditionals="8" methods="1" coveredmethods="1"/>
        <line num="5" count="41" type="cond" truecount="5" falsecount="0"/>
        <line num="6" count="20" type="stmt"/>
        <line num="14" count="21" type="cond" truecount="3" falsecount="1"/>
        <line num="28" count="21" type="stmt"/>
      </file>
      <file name="ImageLightbox.tsx" path="/Users/tyler/Code/fury/src/components/chat/ImageLightbox.tsx">
        <metrics statements="7" coveredstatements="7" conditionals="6" coveredconditionals="6" methods="5" coveredmethods="5"/>
        <line num="10" count="10" type="stmt"/>
        <line num="12" count="2" type="cond" truecount="2" falsecount="0"/>
        <line num="17" count="10" type="stmt"/>
        <line num="18" count="10" type="stmt"/>
        <line num="19" count="10" type="stmt"/>
        <line num="22" count="10" type="stmt"/>
        <line num="35" count="1" type="stmt"/>
      </file>
      <file name="InlineImageGroup.tsx" path="/Users/tyler/Code/fury/src/components/chat/InlineImageGroup.tsx">
        <metrics statements="6" coveredstatements="6" conditionals="6" coveredconditionals="6" methods="4" coveredmethods="4"/>
        <line num="6" count="7" type="stmt"/>
        <line num="8" count="7" type="stmt"/>
        <line num="12" count="8" type="cond" truecount="2" falsecount="0"/>
        <line num="17" count="8" type="stmt"/>
        <line num="23" count="1" type="stmt"/>
        <line num="36" count="1" type="stmt"/>
      </file>
      <file name="MarkdownContent.tsx" path="/Users/tyler/Code/fury/src/components/chat/MarkdownContent.tsx">
        <metrics statements="38" coveredstatements="38" conditionals="14" coveredconditionals="14" methods="24" coveredmethods="24"/>
        <line num="20" count="24" type="stmt"/>
        <line num="38" count="6" type="stmt"/>
        <line num="40" count="6" type="cond" truecount="2" falsecount="0"/>
        <line num="42" count="5" type="stmt"/>
        <line num="48" count="1" type="stmt"/>
        <line num="60" count="1" type="stmt"/>
        <line num="67" count="1" type="stmt"/>
        <line num="69" count="1" type="stmt"/>
        <line num="74" count="1" type="stmt"/>
        <line num="79" count="1" type="stmt"/>
        <line num="84" count="15" type="stmt"/>
        <line num="87" count="1" type="stmt"/>
        <line num="98" count="1" type="stmt"/>
        <line num="101" count="1" type="stmt"/>
        <line num="103" count="4" type="stmt"/>
        <line num="105" count="1" type="stmt"/>
        <line num="116" count="1" type="stmt"/>
        <line num="123" count="2" type="stmt"/>
        <line num="134" count="2" type="stmt"/>
        <line num="142" count="1" type="stmt"/>
        <line num="145" count="1" type="stmt"/>
        <line num="149" count="1" type="stmt"/>
        <line num="150" count="4" type="stmt"/>
        <line num="153" count="1" type="stmt"/>
        <line num="160" count="25" type="cond" truecount="2" falsecount="0"/>
        <line num="162" count="25" type="stmt"/>
        <line num="167" count="9" type="cond" truecount="2" falsecount="0"/>
        <line num="168" count="6" type="stmt"/>
        <line num="175" count="3" type="stmt"/>
        <line num="190" count="6" type="cond" truecount="2" falsecount="0"/>
        <line num="194" count="6" type="stmt"/>
        <line num="218" count="1" type="stmt"/>
        <line num="219" count="25" type="stmt"/>
        <line num="220" count="25" type="stmt"/>
        <line num="222" count="25" type="stmt"/>
        <line num="223" count="25" type="stmt"/>
        <line num="227" count="25" type="cond" truecount="2" falsecount="0"/>
        <line num="229" count="24" type="stmt"/>
      </file>
      <file name="MessageBubble.tsx" path="/Users/tyler/Code/fury/src/components/chat/MessageBubble.tsx">
        <metrics statements="94" coveredstatements="87" conditionals="55" coveredconditionals="48" methods="29" coveredmethods="27"/>
        <line num="25" count="10" type="stmt"/>
        <line num="26" count="10" type="stmt"/>
        <line num="27" count="10" type="stmt"/>
        <line num="28" count="7" type="stmt"/>
        <line num="29" count="7" type="stmt"/>
        <line num="34" count="10" type="stmt"/>
        <line num="35" count="10" type="stmt"/>
        <line num="51" count="121" type="stmt"/>
        <line num="52" count="121" type="stmt"/>
        <line num="53" count="121" type="stmt"/>
        <line num="54" count="121" type="stmt"/>
        <line num="56" count="121" type="stmt"/>
        <line num="57" count="212" type="cond" truecount="2" falsecount="0"/>
        <line num="58" count="35" type="stmt"/>
        <line num="59" count="35" type="stmt"/>
        <line num="63" count="121" type="stmt"/>
        <line num="64" count="163" type="cond" truecount="2" falsecount="0"/>
        <line num="65" count="84" type="stmt"/>
        <line num="66" count="84" type="stmt"/>
        <line num="70" count="121" type="stmt"/>
        <line num="71" count="242" type="cond" truecount="2" falsecount="0"/>
        <line num="72" count="5" type="stmt"/>
        <line num="73" count="5" type="stmt"/>
        <line num="77" count="121" type="stmt"/>
        <line num="78" count="137" type="cond" truecount="4" falsecount="0"/>
        <line num="80" count="36" type="stmt"/>
        <line num="81" count="36" type="stmt"/>
        <line num="82" count="36" type="stmt"/>
        <line num="83" count="36" type="stmt"/>
        <line num="85" count="85" type="stmt"/>
        <line num="86" count="85" type="stmt"/>
        <line num="87" count="85" type="stmt"/>
        <line num="91" count="85" type="stmt"/>
        <line num="94" count="10" type="stmt"/>
        <line num="95" count="10" type="cond" truecount="2" falsecount="0"/>
        <line num="96" count="9" type="stmt"/>
        <line num="98" count="10" type="stmt"/>
        <line num="101" count="6" type="stmt"/>
        <line num="102" count="6" type="stmt"/>
        <line num="103" count="6" type="stmt"/>
        <line num="104" count="6" type="stmt"/>
        <line num="108" count="121" type="stmt"/>
        <line num="109" count="121" type="stmt"/>
        <line num="110" count="121" type="stmt"/>
        <line num="111" count="121" type="stmt"/>
        <line num="124" count="1" type="stmt"/>
        <line num="125" count="121" type="stmt"/>
        <line num="126" count="121" type="stmt"/>
        <line num="127" count="121" type="stmt"/>
        <line num="130" count="121" type="cond" truecount="2" falsecount="0"/>
        <line num="132" count="10" type="stmt"/>
        <line num="133" count="11" type="stmt"/>
        <line num="134" count="10" type="stmt"/>
        <line num="136" count="10" type="stmt"/>
        <line num="138" count="10" type="stmt"/>
        <line num="148" count="7" type="stmt"/>
        <line num="149" count="4" type="stmt"/>
        <line num="152" count="7" type="stmt"/>
        <line num="153" count="3" type="stmt"/>
        <line num="173" count="111" type="cond" truecount="2" falsecount="0"/>
        <line num="174" count="10" type="stmt"/>
        <line num="175" count="11" type="stmt"/>
        <line num="176" count="10" type="stmt"/>
        <line num="178" count="10" type="cond" truecount="3" falsecount="0"/>
        <line num="182" count="10" type="stmt"/>
        <line num="193" count="11" type="cond" truecount="2" falsecount="0"/>
        <line num="195" count="10" type="stmt"/>
        <line num="217" count="101" type="cond" truecount="1" falsecount="1"/>
        <line num="218" count="0" type="stmt"/>
        <line num="233" count="0" type="cond" truecount="0" falsecount="2"/>
        <line num="234" count="0" type="stmt"/>
        <line num="235" count="0" type="stmt"/>
        <line num="240" count="0" type="cond" truecount="0" falsecount="2"/>
        <line num="241" count="0" type="stmt"/>
        <line num="243" count="0" type="stmt"/>
        <line num="250" count="101" type="stmt"/>
        <line num="253" count="102" type="cond" truecount="2" falsecount="0"/>
        <line num="254" count="15" type="stmt"/>
        <line num="255" count="16" type="stmt"/>
        <line num="260" count="87" type="cond" truecount="2" falsecount="0"/>
        <line num="261" count="5" type="stmt"/>
        <line num="263" count="82" type="stmt"/>
        <line num="272" count="82" type="stmt"/>
        <line num="275" count="83" type="stmt"/>
        <line num="282" count="110" type="stmt"/>
        <line num="283" count="110" type="stmt"/>
        <line num="284" count="110" type="stmt"/>
        <line num="285" count="110" type="stmt"/>
        <line num="286" count="110" type="stmt"/>
        <line num="288" count="110" type="stmt"/>
        <line num="291" count="13" type="stmt"/>
        <line num="292" count="13" type="stmt"/>
        <line num="293" count="1" type="stmt"/>
        <line num="312" count="55" type="stmt"/>
      </file>
      <file name="MessageList.tsx" path="/Users/tyler/Code/fury/src/components/chat/MessageList.tsx">
        <metrics statements="108" coveredstatements="93" conditionals="108" coveredconditionals="74" methods="23" coveredmethods="17"/>
        <line num="19" count="34" type="stmt"/>
        <line num="20" count="34" type="stmt"/>
        <line num="21" count="34" type="stmt"/>
        <line num="23" count="34" type="stmt"/>
        <line num="24" count="77" type="cond" truecount="2" falsecount="0"/>
        <line num="25" count="41" type="cond" truecount="2" falsecount="0"/>
        <line num="26" count="14" type="stmt"/>
        <line num="28" count="41" type="stmt"/>
        <line num="29" count="36" type="cond" truecount="2" falsecount="0"/>
        <line num="30" count="32" type="stmt"/>
        <line num="32" count="4" type="stmt"/>
        <line num="36" count="34" type="cond" truecount="2" falsecount="0"/>
        <line num="37" count="27" type="stmt"/>
        <line num="40" count="34" type="stmt"/>
        <line num="44" count="45" type="stmt"/>
        <line num="45" count="45" type="stmt"/>
        <line num="46" count="45" type="stmt"/>
        <line num="47" count="45" type="stmt"/>
        <line num="49" count="45" type="stmt"/>
        <line num="50" count="38" type="cond" truecount="2" falsecount="0"/>
        <line num="51" count="2" type="stmt"/>
        <line num="52" count="2" type="stmt"/>
        <line num="54" count="36" type="cond" truecount="1" falsecount="1"/>
        <line num="56" count="36" type="stmt"/>
        <line num="57" count="55" type="cond" truecount="2" falsecount="0"/>
        <line num="59" count="55" type="stmt"/>
        <line num="61" count="36" type="stmt"/>
        <line num="62" count="36" type="cond" truecount="1" falsecount="1"/>
        <line num="63" count="36" type="stmt"/>
        <line num="64" count="36" type="stmt"/>
        <line num="68" count="45" type="stmt"/>
        <line num="84" count="15" type="stmt"/>
        <line num="85" count="15" type="stmt"/>
        <line num="97" count="15" type="stmt"/>
        <line num="100" count="1" type="stmt"/>
        <line num="101" count="1" type="stmt"/>
        <line num="142" count="34" type="stmt"/>
        <line num="143" count="34" type="stmt"/>
        <line num="144" count="34" type="stmt"/>
        <line num="145" count="34" type="stmt"/>
        <line num="147" count="34" type="stmt"/>
        <line num="148" count="0" type="stmt"/>
        <line num="149" count="0" type="cond" truecount="0" falsecount="2"/>
        <line num="150" count="0" type="stmt"/>
        <line num="151" count="0" type="stmt"/>
        <line num="154" count="34" type="stmt"/>
        <line num="155" count="30" type="cond" truecount="1" falsecount="1"/>
        <line num="156" count="30" type="stmt"/>
        <line num="161" count="34" type="stmt"/>
        <line num="162" count="30" type="cond" truecount="2" falsecount="0"/>
        <line num="163" count="5" type="stmt"/>
        <line num="164" count="5" type="cond" truecount="2" falsecount="0"/>
        <line num="165" count="4" type="stmt"/>
        <line num="169" count="34" type="stmt"/>
        <line num="170" count="34" type="cond" truecount="2" falsecount="0"/>
        <line num="171" count="102" type="cond" truecount="4" falsecount="0"/>
        <line num="173" count="34" type="stmt"/>
        <line num="174" count="4" type="stmt"/>
        <line num="175" count="4" type="stmt"/>
        <line num="176" count="4" type="cond" truecount="2" falsecount="0"/>
        <line num="177" count="1" type="stmt"/>
        <line num="179" count="3" type="stmt"/>
        <line num="181" count="4" type="stmt"/>
        <line num="185" count="34" type="stmt"/>
        <line num="186" count="0" type="stmt"/>
        <line num="187" count="0" type="stmt"/>
        <line num="190" count="34" type="stmt"/>
        <line num="192" count="34" type="cond" truecount="4" falsecount="0"/>
        <line num="193" count="4" type="cond" truecount="4" falsecount="0"/>
        <line num="194" count="2" type="stmt"/>
        <line num="201" count="2" type="stmt"/>
        <line num="210" count="30" type="stmt"/>
        <line num="222" count="45" type="stmt"/>
        <line num="223" count="45" type="cond" truecount="2" falsecount="0"/>
        <line num="224" count="45" type="stmt"/>
        <line num="227" count="45" type="cond" truecount="3" falsecount="0"/>
        <line num="228" count="45" type="stmt"/>
        <line num="229" count="45" type="stmt"/>
        <line num="231" count="45" type="stmt"/>
        <line num="234" count="45" type="stmt"/>
        <line num="240" count="45" type="cond" truecount="2" falsecount="0"/>
        <line num="241" count="13" type="cond" truecount="1" falsecount="1"/>
        <line num="249" count="13" type="cond" truecount="1" falsecount="1"/>
        <line num="250" count="13" type="stmt"/>
        <line num="256" count="4" type="stmt"/>
        <line num="261" count="13" type="cond" truecount="4" falsecount="0"/>
        <line num="263" count="3" type="stmt"/>
        <line num="264" count="6" type="cond" truecount="1" falsecount="4"/>
        <line num="265" count="6" type="stmt"/>
        <line num="278" count="10" type="stmt"/>
        <line num="281" count="15" type="cond" truecount="2" falsecount="0"/>
        <line num="284" count="10" type="stmt"/>
        <line num="293" count="32" type="cond" truecount="2" falsecount="0"/>
        <line num="295" count="32" type="cond" truecount="1" falsecount="1"/>
        <line num="298" count="0" type="stmt"/>
        <line num="299" count="0" type="stmt"/>
        <line num="300" count="0" type="cond" truecount="0" falsecount="4"/>
        <line num="301" count="0" type="cond" truecount="0" falsecount="2"/>
        <line num="302" count="0" type="stmt"/>
        <line num="304" count="0" type="cond" truecount="0" falsecount="4"/>
        <line num="305" count="0" type="stmt"/>
        <line num="312" count="0" type="cond" truecount="0" falsecount="2"/>
        <line num="313" count="0" type="stmt"/>
        <line num="319" count="32" type="cond" truecount="1" falsecount="1"/>
        <line num="321" count="32" type="stmt"/>
        <line num="322" count="14" type="cond" truecount="1" falsecount="4"/>
        <line num="323" count="14" type="stmt"/>
        <line num="332" count="45" type="stmt"/>
      </file>
      <file name="QuestionCard.tsx" path="/Users/tyler/Code/fury/src/components/chat/QuestionCard.tsx">
        <metrics statements="17" coveredstatements="17" conditionals="9" coveredconditionals="8" methods="7" coveredmethods="7"/>
        <line num="11" count="22" type="stmt"/>
        <line num="12" count="22" type="stmt"/>
        <line num="14" count="22" type="stmt"/>
        <line num="15" count="13" type="stmt"/>
        <line num="18" count="22" type="stmt"/>
        <line num="19" count="3" type="stmt"/>
        <line num="20" count="3" type="cond" truecount="1" falsecount="1"/>
        <line num="21" count="3" type="stmt"/>
        <line num="22" count="3" type="stmt"/>
        <line num="26" count="22" type="stmt"/>
        <line num="27" count="2" type="cond" truecount="4" falsecount="0"/>
        <line num="28" count="1" type="stmt"/>
        <line num="29" count="1" type="stmt"/>
        <line num="33" count="22" type="stmt"/>
        <line num="58" count="4" type="stmt"/>
        <line num="60" count="1" type="stmt"/>
        <line num="79" count="6" type="stmt"/>
      </file>
      <file name="ResearchingIndicator.tsx" path="/Users/tyler/Code/fury/src/components/chat/ResearchingIndicator.tsx">
        <metrics statements="13" coveredstatements="13" conditionals="9" coveredconditionals="9" methods="5" coveredmethods="5"/>
        <line num="10" count="4" type="stmt"/>
        <line num="11" count="4" type="cond" truecount="2" falsecount="0"/>
        <line num="12" count="1" type="stmt"/>
        <line num="13" count="1" type="stmt"/>
        <line num="14" count="1" type="stmt"/>
        <line num="18" count="14" type="stmt"/>
        <line num="20" count="14" type="stmt"/>
        <line num="21" count="10" type="cond" truecount="2" falsecount="0"/>
        <line num="22" count="11" type="stmt"/>
        <line num="23" count="4" type="stmt"/>
        <line num="24" count="4" type="stmt"/>
        <line num="25" count="4" type="stmt"/>
        <line num="28" count="14" type="stmt"/>
      </file>
      <file name="ResponseMetadataRow.tsx" path="/Users/tyler/Code/fury/src/components/chat/ResponseMetadataRow.tsx">
        <metrics statements="14" coveredstatements="14" conditionals="20" coveredconditionals="20" methods="2" coveredmethods="2"/>
        <line num="5" count="9" type="stmt"/>
        <line num="7" count="9" type="cond" truecount="2" falsecount="0"/>
        <line num="8" count="2" type="stmt"/>
        <line num="10" count="9" type="cond" truecount="4" falsecount="0"/>
        <line num="11" count="4" type="cond" truecount="2" falsecount="0"/>
        <line num="12" count="4" type="cond" truecount="2" falsecount="0"/>
        <line num="13" count="4" type="stmt"/>
        <line num="15" count="9" type="cond" truecount="4" falsecount="0"/>
        <line num="16" count="2" type="stmt"/>
        <line num="18" count="9" type="cond" truecount="2" falsecount="0"/>
        <line num="19" count="2" type="stmt"/>
        <line num="22" count="9" type="cond" truecount="2" falsecount="0"/>
        <line num="24" count="7" type="stmt"/>
        <line num="30" count="10" type="stmt"/>
      </file>
      <file name="SplitChatLayout.tsx" path="/Users/tyler/Code/fury/src/components/chat/SplitChatLayout.tsx">
        <metrics statements="5" coveredstatements="5" conditionals="2" coveredconditionals="2" methods="5" coveredmethods="5"/>
        <line num="21" count="36" type="stmt"/>
        <line num="23" count="12" type="stmt"/>
        <line num="26" count="2" type="stmt"/>
        <line num="43" count="18" type="stmt"/>
        <line num="45" count="6" type="stmt"/>
      </file>
      <file name="ThinkingSpinner.tsx" path="/Users/tyler/Code/fury/src/components/chat/ThinkingSpinner.tsx">
        <metrics statements="13" coveredstatements="13" conditionals="4" coveredconditionals="4" methods="6" coveredmethods="6"/>
        <line num="4" count="10" type="stmt"/>
        <line num="5" count="10" type="cond" truecount="2" falsecount="0"/>
        <line num="6" count="2" type="stmt"/>
        <line num="10" count="10" type="stmt"/>
        <line num="11" count="10" type="stmt"/>
        <line num="12" count="10" type="cond" truecount="2" falsecount="0"/>
        <line num="14" count="10" type="stmt"/>
        <line num="15" count="5" type="stmt"/>
        <line num="16" count="5" type="stmt"/>
        <line num="17" count="33" type="stmt"/>
        <line num="19" count="5" type="stmt"/>
        <line num="22" count="10" type="stmt"/>
        <line num="26" count="90" type="stmt"/>
      </file>
    </package>
    <package name="src.components.devcontainer">
      <metrics statements="40" coveredstatements="39" conditionals="27" coveredconditionals="21" methods="14" coveredmethods="13"/>
      <file name="ContainerizePanel.tsx" path="/Users/tyler/Code/fury/src/components/devcontainer/ContainerizePanel.tsx">
        <metrics statements="40" coveredstatements="39" conditionals="27" coveredconditionals="21" methods="14" coveredmethods="13"/>
        <line num="5" count="1" type="stmt"/>
        <line num="22" count="11" type="stmt"/>
        <line num="23" count="11" type="cond" truecount="2" falsecount="0"/>
        <line num="25" count="11" type="stmt"/>
        <line num="26" count="11" type="stmt"/>
        <line num="28" count="11" type="stmt"/>
        <line num="29" count="11" type="stmt"/>
        <line num="31" count="11" type="stmt"/>
        <line num="32" count="11" type="stmt"/>
        <line num="33" count="11" type="stmt"/>
        <line num="34" count="11" type="stmt"/>
        <line num="37" count="11" type="stmt"/>
        <line num="38" count="11" type="cond" truecount="2" falsecount="0"/>
        <line num="40" count="11" type="stmt"/>
        <line num="41" count="2" type="stmt"/>
        <line num="44" count="11" type="stmt"/>
        <line num="45" count="2" type="cond" truecount="1" falsecount="1"/>
        <line num="46" count="2" type="stmt"/>
        <line num="48" count="2" type="stmt"/>
        <line num="49" count="2" type="cond" truecount="1" falsecount="1"/>
        <line num="50" count="2" type="stmt"/>
        <line num="51" count="2" type="stmt"/>
        <line num="55" count="11" type="stmt"/>
        <line num="56" count="1" type="cond" truecount="1" falsecount="1"/>
        <line num="57" count="1" type="stmt"/>
        <line num="58" count="1" type="cond" truecount="1" falsecount="1"/>
        <line num="59" count="1" type="stmt"/>
        <line num="63" count="11" type="stmt"/>
        <line num="64" count="1" type="stmt"/>
        <line num="65" count="1" type="stmt"/>
        <line num="69" count="11" type="cond" truecount="5" falsecount="0"/>
        <line num="70" count="2" type="stmt"/>
        <line num="103" count="9" type="cond" truecount="2" falsecount="0"/>
        <line num="104" count="1" type="stmt"/>
        <line num="117" count="8" type="cond" truecount="2" falsecount="0"/>
        <line num="118" count="4" type="stmt"/>
        <line num="130" count="0" type="cond" truecount="0" falsecount="2"/>
        <line num="144" count="1" type="stmt"/>
        <line num="151" count="1" type="stmt"/>
        <line num="170" count="4" type="stmt"/>
      </file>
    </package>
    <package name="src.components.diff">
      <metrics statements="40" coveredstatements="40" conditionals="68" coveredconditionals="68" methods="16" coveredmethods="16"/>
      <file name="DiffPanel.tsx" path="/Users/tyler/Code/fury/src/components/diff/DiffPanel.tsx">
        <metrics statements="8" coveredstatements="8" conditionals="12" coveredconditionals="12" methods="3" coveredmethods="3"/>
        <line num="10" count="4" type="stmt"/>
        <line num="11" count="12" type="cond" truecount="2" falsecount="0"/>
        <line num="13" count="4" type="cond" truecount="2" falsecount="0"/>
        <line num="16" count="4" type="stmt"/>
        <line num="17" count="12" type="cond" truecount="4" falsecount="0"/>
        <line num="20" count="4" type="cond" truecount="4" falsecount="0"/>
        <line num="21" count="2" type="stmt"/>
        <line num="31" count="2" type="stmt"/>
      </file>
      <file name="DiffViewer.tsx" path="/Users/tyler/Code/fury/src/components/diff/DiffViewer.tsx">
        <metrics statements="32" coveredstatements="32" conditionals="56" coveredconditionals="56" methods="13" coveredmethods="13"/>
        <line num="13" count="16" type="cond" truecount="2" falsecount="0"/>
        <line num="14" count="14" type="cond" truecount="2" falsecount="0"/>
        <line num="15" count="4" type="cond" truecount="2" falsecount="0"/>
        <line num="16" count="3" type="cond" truecount="2" falsecount="0"/>
        <line num="17" count="2" type="cond" truecount="4" falsecount="0"/>
        <line num="18" count="1" type="stmt"/>
        <line num="22" count="16" type="cond" truecount="4" falsecount="0"/>
        <line num="23" count="13" type="cond" truecount="2" falsecount="0"/>
        <line num="24" count="12" type="cond" truecount="2" falsecount="0"/>
        <line num="25" count="2" type="cond" truecount="4" falsecount="0"/>
        <line num="26" count="1" type="stmt"/>
        <line num="30" count="17" type="stmt"/>
        <line num="31" count="51" type="cond" truecount="2" falsecount="0"/>
        <line num="33" count="17" type="stmt"/>
        <line num="34" count="51" type="cond" truecount="2" falsecount="0"/>
        <line num="36" count="17" type="cond" truecount="2" falsecount="0"/>
        <line num="39" count="17" type="stmt"/>
        <line num="40" count="51" type="cond" truecount="4" falsecount="0"/>
        <line num="42" count="51" type="cond" truecount="2" falsecount="0"/>
        <line num="43" count="17" type="stmt"/>
        <line num="44" count="51" type="cond" truecount="2" falsecount="0"/>
        <line num="47" count="17" type="stmt"/>
        <line num="48" count="17" type="stmt"/>
        <line num="52" count="17" type="stmt"/>
        <line num="59" count="17" type="cond" truecount="4" falsecount="0"/>
        <line num="60" count="1" type="stmt"/>
        <line num="69" count="16" type="cond" truecount="4" falsecount="0"/>
        <line num="70" count="4" type="stmt"/>
        <line num="79" count="12" type="stmt"/>
        <line num="101" count="1" type="stmt"/>
        <line num="123" count="16" type="stmt"/>
        <line num="125" count="1" type="stmt"/>
      </file>
    </package>
    <package name="src.components.file-viewer">
      <metrics statements="197" coveredstatements="196" conditionals="193" coveredconditionals="191" methods="82" coveredmethods="81"/>
      <file name="BookmarkNoteDialog.tsx" path="/Users/tyler/Code/fury/src/components/file-viewer/BookmarkNoteDialog.tsx">
        <metrics statements="31" coveredstatements="30" conditionals="24" coveredconditionals="22" methods="11" coveredmethods="10"/>
        <line num="5" count="1" type="stmt"/>
        <line num="14" count="63" type="stmt"/>
        <line num="15" count="21" type="stmt"/>
        <line num="16" count="21" type="stmt"/>
        <line num="17" count="21" type="stmt"/>
        <line num="19" count="21" type="stmt"/>
        <line num="20" count="16" type="cond" truecount="2" falsecount="0"/>
        <line num="21" count="13" type="cond" truecount="2" falsecount="0"/>
        <line num="22" count="13" type="cond" truecount="2" falsecount="0"/>
        <line num="24" count="13" type="stmt"/>
        <line num="28" count="21" type="stmt"/>
        <line num="29" count="7" type="stmt"/>
        <line num="32" count="21" type="stmt"/>
        <line num="33" count="5" type="cond" truecount="1" falsecount="1"/>
        <line num="34" count="5" type="stmt"/>
        <line num="35" count="5" type="cond" truecount="2" falsecount="0"/>
        <line num="36" count="1" type="stmt"/>
        <line num="41" count="4" type="stmt"/>
        <line num="49" count="5" type="stmt"/>
        <line num="52" count="21" type="stmt"/>
        <line num="54" count="2" type="cond" truecount="2" falsecount="0"/>
        <line num="55" count="1" type="stmt"/>
        <line num="56" count="1" type="stmt"/>
        <line num="57" count="1" type="cond" truecount="1" falsecount="1"/>
        <line num="58" count="1" type="stmt"/>
        <line num="64" count="21" type="cond" truecount="2" falsecount="0"/>
        <line num="66" count="17" type="stmt"/>
        <line num="78" count="6" type="stmt"/>
        <line num="100" count="0" type="stmt"/>
        <line num="116" count="85" type="stmt"/>
        <line num="118" count="1" type="stmt"/>
      </file>
      <file name="FileTabBar.tsx" path="/Users/tyler/Code/fury/src/components/file-viewer/FileTabBar.tsx">
        <metrics statements="73" coveredstatements="73" conditionals="90" coveredconditionals="90" methods="43" coveredmethods="43"/>
        <line num="6" count="1" type="stmt"/>
        <line num="16" count="168" type="stmt"/>
        <line num="17" count="168" type="stmt"/>
        <line num="18" count="168" type="stmt"/>
        <line num="19" count="168" type="stmt"/>
        <line num="20" count="168" type="stmt"/>
        <line num="21" count="168" type="stmt"/>
        <line num="22" count="168" type="stmt"/>
        <line num="23" count="168" type="stmt"/>
        <line num="24" count="168" type="stmt"/>
        <line num="25" count="168" type="stmt"/>
        <line num="27" count="168" type="stmt"/>
        <line num="28" count="168" type="stmt"/>
        <line num="29" count="168" type="stmt"/>
        <line num="30" count="168" type="stmt"/>
        <line num="31" count="168" type="stmt"/>
        <line num="32" count="168" type="stmt"/>
        <line num="33" count="168" type="stmt"/>
        <line num="34" count="168" type="stmt"/>
        <line num="36" count="59" type="stmt"/>
        <line num="37" count="56" type="cond" truecount="2" falsecount="0"/>
        <line num="38" count="56" type="cond" truecount="3" falsecount="0"/>
        <line num="39" count="83" type="cond" truecount="2" falsecount="0"/>
        <line num="40" count="83" type="cond" truecount="2" falsecount="0"/>
        <line num="42" count="56" type="stmt"/>
        <line num="43" count="1" type="stmt"/>
        <line num="44" count="1" type="stmt"/>
        <line num="47" count="56" type="stmt"/>
        <line num="48" count="4" type="cond" truecount="2" falsecount="0"/>
        <line num="49" count="1" type="stmt"/>
        <line num="51" count="3" type="stmt"/>
        <line num="53" count="4" type="stmt"/>
        <line num="56" count="56" type="stmt"/>
        <line num="57" count="3" type="cond" truecount="2" falsecount="0"/>
[...]
        <line num="225" count="1" type="stmt"/>
        <line num="234" count="5" type="stmt"/>
        <line num="242" count="1" type="cond" truecount="2" falsecount="0"/>
        <line num="245" count="1" type="stmt"/>
        <line num="252" count="5" type="stmt"/>
        <line num="253" count="5" type="stmt"/>
        <line num="255" count="1" type="stmt"/>
        <line num="266" count="2" type="stmt"/>
        <line num="267" count="2" type="stmt"/>
        <line num="268" count="1" type="stmt"/>
        <line num="272" count="1" type="stmt"/>
        <line num="277" count="1" type="stmt"/>
        <line num="283" count="3" type="stmt"/>
        <line num="284" count="3" type="cond" truecount="2" falsecount="0"/>
        <line num="285" count="3" type="stmt"/>
        <line num="286" count="3" type="cond" truecount="2" falsecount="0"/>
        <line num="287" count="1" type="stmt"/>
        <line num="289" count="2" type="stmt"/>
        <line num="291" count="3" type="stmt"/>
        <line num="298" count="1" type="stmt"/>
        <line num="304" count="2" type="stmt"/>
        <line num="313" count="1" type="stmt"/>
        <line num="326" count="7" type="cond" truecount="2" falsecount="0"/>
        <line num="328" count="7" type="cond" truecount="2" falsecount="0"/>
        <line num="330" count="3" type="stmt"/>
        <line num="331" count="3" type="cond" truecount="2" falsecount="0"/>
        <line num="332" count="3" type="stmt"/>
        <line num="333" count="3" type="stmt"/>
        <line num="334" count="3" type="stmt"/>
        <line num="335" count="3" type="stmt"/>
        <line num="342" count="4" type="stmt"/>
        <line num="343" count="4" type="stmt"/>
        <line num="344" count="3" type="stmt"/>
        <line num="348" count="2" type="cond" truecount="2" falsecount="0"/>
        <line num="349" count="1" type="stmt"/>
        <line num="353" count="3" type="stmt"/>
        <line num="361" count="1" type="stmt"/>
        <line num="367" count="2" type="stmt"/>
        <line num="368" count="2" type="stmt"/>
        <line num="369" count="1" type="stmt"/>
        <line num="373" count="1" type="stmt"/>
        <line num="381" count="2" type="stmt"/>
        <line num="385" count="2" type="stmt"/>
        <line num="386" count="2" type="stmt"/>
        <line num="388" count="1" type="stmt"/>
      </file>
      <file name="toastStore.ts" path="/Users/tyler/Code/fury/src/stores/toastStore.ts">
        <metrics statements="11" coveredstatements="11" conditionals="5" coveredconditionals="5" methods="9" coveredmethods="9"/>
        <line num="22" count="50" type="stmt"/>
        <line num="24" count="50" type="stmt"/>
        <line num="28" count="31" type="stmt"/>
        <line num="29" count="31" type="stmt"/>
        <line num="32" count="31" type="cond" truecount="2" falsecount="0"/>
        <line num="33" count="29" type="cond" truecount="2" falsecount="0"/>
        <line num="34" count="29" type="stmt"/>
        <line num="35" count="3" type="stmt"/>
        <line num="36" count="3" type="stmt"/>
        <line num="43" count="2" type="stmt"/>
        <line num="44" count="3" type="stmt"/>
      </file>
      <file name="todoStore.ts" path="/Users/tyler/Code/fury/src/stores/todoStore.ts">
        <metrics statements="55" coveredstatements="55" conditionals="36" coveredconditionals="35" methods="33" coveredmethods="32"/>
        <line num="36" count="6" type="stmt"/>
        <line num="38" count="6" type="cond" truecount="1" falsecount="1"/>
        <line num="39" count="6" type="stmt"/>
        <line num="42" count="6" type="stmt"/>
        <line num="48" count="162" type="cond" truecount="2" falsecount="0"/>
        <line num="49" count="161" type="stmt"/>
        <line num="50" count="161" type="stmt"/>
        <line num="51" count="161" type="stmt"/>
        <line num="55" count="161" type="stmt"/>
        <line num="56" count="161" type="stmt"/>
        <line num="57" count="159" type="stmt"/>
        <line num="62" count="2" type="stmt"/>
        <line num="69" count="161" type="stmt"/>
        <line num="74" count="2" type="stmt"/>
        <line num="75" count="2" type="stmt"/>
        <line num="76" count="1" type="stmt"/>
        <line num="82" count="1" type="stmt"/>
        <line num="84" count="1" type="stmt"/>
        <line num="87" count="1" type="stmt"/>
        <line num="92" count="5" type="stmt"/>
        <line num="93" count="5" type="stmt"/>
        <line num="94" count="4" type="stmt"/>
        <line num="98" count="4" type="cond" truecount="2" falsecount="0"/>
        <line num="111" count="1" type="stmt"/>
        <line num="114" count="1" type="stmt"/>
        <line num="120" count="3" type="cond" truecount="2" falsecount="0"/>
        <line num="121" count="3" type="stmt"/>
        <line num="124" count="4" type="stmt"/>
        <line num="127" count="3" type="stmt"/>
        <line num="128" count="3" type="stmt"/>
        <line num="131" count="1" type="stmt"/>
        <line num="140" count="4" type="cond" truecount="2" falsecount="0"/>
        <line num="141" count="4" type="stmt"/>
        <line num="145" count="4" type="cond" truecount="2" falsecount="0"/>
        <line num="149" count="4" type="stmt"/>
        <line num="150" count="4" type="stmt"/>
        <line num="153" count="1" type="stmt"/>
        <line num="162" count="3" type="cond" truecount="2" falsecount="0"/>
        <line num="163" count="3" type="stmt"/>
        <line num="164" count="6" type="stmt"/>
        <line num="165" count="6" type="stmt"/>
        <line num="166" count="4" type="stmt"/>
        <line num="167" count="3" type="stmt"/>
        <line num="170" count="3" type="stmt"/>
        <line num="171" count="3" type="stmt"/>
        <line num="174" count="1" type="stmt"/>
        <line num="182" count="2" type="cond" truecount="2" falsecount="0"/>
        <line num="186" count="4" type="cond" truecount="2" falsecount="0"/>
        <line num="187" count="4" type="stmt"/>
        <line num="188" count="4" type="stmt"/>
        <line num="189" count="4" type="stmt"/>
        <line num="197" count="4" type="cond" truecount="2" falsecount="0"/>
        <line num="198" count="4" type="cond" truecount="2" falsecount="0"/>
        <line num="199" count="2" type="stmt"/>
        <line num="203" count="4" type="cond" truecount="2" falsecount="0"/>
      </file>
      <file name="uiStore.ts" path="/Users/tyler/Code/fury/src/stores/uiStore.ts">
        <metrics statements="71" coveredstatements="71" conditionals="47" coveredconditionals="43" methods="28" coveredmethods="28"/>
        <line num="18" count="42" type="stmt"/>
        <line num="59" count="42" type="stmt"/>
        <line num="62" count="4" type="stmt"/>
        <line num="63" count="4" type="stmt"/>
        <line num="66" count="11" type="stmt"/>
        <line num="69" count="3" type="stmt"/>
        <line num="71" count="7" type="cond" truecount="2" falsecount="0"/>
        <line num="72" count="1" type="stmt"/>
        <line num="76" count="8" type="stmt"/>
        <line num="79" count="42" type="cond" truecount="1" falsecount="1"/>
        <line num="80" count="42" type="stmt"/>
        <line num="81" count="42" type="stmt"/>
        <line num="82" count="42" type="cond" truecount="1" falsecount="1"/>
        <line num="85" count="42" type="stmt"/>
        <line num="90" count="30" type="cond" truecount="2" falsecount="0"/>
        <line num="91" count="1" type="stmt"/>
        <line num="92" count="1" type="stmt"/>
        <line num="94" count="29" type="stmt"/>
        <line num="95" count="35" type="stmt"/>
        <line num="96" count="29" type="cond" truecount="2" falsecount="0"/>
        <line num="97" count="2" type="stmt"/>
        <line num="98" count="2" type="stmt"/>
        <line num="100" count="27" type="stmt"/>
        <line num="106" count="27" type="cond" truecount="2" falsecount="0"/>
        <line num="107" count="4" type="stmt"/>
        <line num="108" count="3" type="cond" truecount="2" falsecount="0"/>
        <line num="109" count="1" type="stmt"/>
        <line num="110" count="1" type="stmt"/>
        <line num="111" count="1" type="stmt"/>
        <line num="112" count="1" type="stmt"/>
        <line num="115" count="26" type="stmt"/>
        <line num="119" count="13" type="cond" truecount="2" falsecount="0"/>
        <line num="120" count="11" type="stmt"/>
        <line num="121" count="20" type="stmt"/>
        <line num="122" count="11" type="cond" truecount="2" falsecount="0"/>
        <line num="123" count="8" type="stmt"/>
        <line num="124" count="18" type="stmt"/>
        <line num="125" count="8" type="stmt"/>
        <line num="126" count="8" type="cond" truecount="2" falsecount="0"/>
        <line num="127" count="7" type="stmt"/>
        <line num="128" count="7" type="cond" truecount="2" falsecount="0"/>
        <line num="130" count="8" type="cond" truecount="4" falsecount="0"/>
        <line num="133" count="13" type="stmt"/>
        <line num="137" count="10" type="cond" truecount="2" falsecount="0"/>
        <line num="138" count="6" type="stmt"/>
        <line num="143" count="1" type="stmt"/>
        <line num="145" count="2" type="cond" truecount="2" falsecount="0"/>
        <line num="151" count="14" type="stmt"/>
        <line num="152" count="14" type="stmt"/>
        <line num="153" count="17" type="stmt"/>
        <line num="154" count="14" type="cond" truecount="2" falsecount="0"/>
        <line num="155" count="1" type="stmt"/>
        <line num="156" count="1" type="stmt"/>
        <line num="158" count="13" type="stmt"/>
        <line num="166" count="13" type="stmt"/>
        <line num="170" count="15" type="stmt"/>
        <line num="171" count="15" type="stmt"/>
        <line num="172" count="23" type="stmt"/>
        <line num="173" count="15" type="cond" truecount="2" falsecount="0"/>
        <line num="174" count="15" type="cond" truecount="2" falsecount="0"/>
        <line num="177" count="15" type="stmt"/>
        <line num="186" count="7" type="stmt"/>
        <line num="195" count="1" type="stmt"/>
        <line num="203" count="1" type="stmt"/>
        <line num="206" count="3" type="stmt"/>
        <line num="209" count="42" type="cond" truecount="1" falsecount="1"/>
        <line num="210" count="42" type="stmt"/>
        <line num="211" count="857" type="cond" truecount="2" falsecount="0"/>
        <line num="212" count="299" type="stmt"/>
        <line num="214" count="857" type="cond" truecount="2" falsecount="0"/>
        <line num="215" count="110" type="stmt"/>
      </file>
      <file name="usageStore.ts" path="/Users/tyler/Code/fury/src/stores/usageStore.ts">
        <metrics statements="72" coveredstatements="72" conditionals="12" coveredconditionals="9" methods="11" coveredmethods="11"/>
        <line num="51" count="8" type="stmt"/>
        <line num="52" count="8" type="cond" truecount="1" falsecount="1"/>
        <line num="53" count="1" type="stmt"/>
        <line num="61" count="8" type="stmt"/>
        <line num="69" count="33" type="stmt"/>
        <line num="72" count="33" type="stmt"/>
        <line num="73" count="33" type="stmt"/>
        <line num="74" count="36" type="cond" truecount="2" falsecount="0"/>
        <line num="75" count="36" type="stmt"/>
        <line num="76" count="36" type="stmt"/>
        <line num="79" count="33" type="stmt"/>
        <line num="80" count="32" type="stmt"/>
        <line num="81" count="32" type="stmt"/>
        <line num="82" count="32" type="stmt"/>
        <line num="83" count="32" type="stmt"/>
        <line num="84" count="32" type="stmt"/>
        <line num="86" count="32" type="stmt"/>
        <line num="87" count="36" type="stmt"/>
        <line num="88" count="36" type="stmt"/>
        <line num="89" count="36" type="stmt"/>
        <line num="90" count="36" type="stmt"/>
        <line num="91" count="36" type="stmt"/>
        <line num="93" count="36" type="stmt"/>
        <line num="94" count="36" type="stmt"/>
        <line num="95" count="36" type="stmt"/>
        <line num="96" count="36" type="stmt"/>
        <line num="97" count="36" type="stmt"/>
        <line num="99" count="36" type="stmt"/>
        <line num="100" count="36" type="stmt"/>
        <line num="101" count="36" type="cond" truecount="2" falsecount="0"/>
        <line num="102" count="5" type="stmt"/>
        <line num="103" count="5" type="stmt"/>
        <line num="104" count="5" type="stmt"/>
        <line num="105" count="5" type="stmt"/>
        <line num="106" count="5" type="stmt"/>
        <line num="108" count="31" type="stmt"/>
        <line num="120" count="33" type="stmt"/>
        <line num="125" count="31" type="stmt"/>
        <line num="126" count="31" type="stmt"/>
        <line num="127" count="31" type="stmt"/>
        <line num="130" count="31" type="stmt"/>
        <line num="140" count="31" type="stmt"/>
        <line num="141" count="29" type="stmt"/>
        <line num="142" count="29" type="stmt"/>
        <line num="143" count="29" type="stmt"/>
        <line num="144" count="29" type="stmt"/>
        <line num="145" count="29" type="stmt"/>
        <line num="146" count="29" type="stmt"/>
        <line num="147" count="29" type="stmt"/>
        <line num="150" count="31" type="stmt"/>
        <line num="154" count="31" type="stmt"/>
        <line num="155" count="31" type="stmt"/>
        <line num="156" count="32" type="stmt"/>
        <line num="159" count="31" type="stmt"/>
        <line num="160" count="30" type="stmt"/>
        <line num="169" count="10" type="stmt"/>
        <line num="173" count="2" type="stmt"/>
        <line num="175" count="2" type="stmt"/>
        <line num="183" count="2" type="stmt"/>
        <line num="184" count="2" type="stmt"/>
        <line num="188" count="2" type="stmt"/>
        <line num="189" count="2" type="stmt"/>
        <line num="193" count="8" type="stmt"/>
        <line num="194" count="8" type="stmt"/>
        <line num="195" count="8" type="stmt"/>
        <line num="197" count="8" type="stmt"/>
        <line num="198" count="8" type="stmt"/>
        <line num="199" count="8" type="stmt"/>
        <line num="204" count="7" type="cond" truecount="1" falsecount="1"/>
        <line num="205" count="7" type="stmt"/>
        <line num="208" count="1" type="cond" truecount="1" falsecount="1"/>
        <line num="209" count="1" type="stmt"/>
      </file>
      <file name="workspaceStore.ts" path="/Users/tyler/Code/fury/src/stores/workspaceStore.ts">
        <metrics statements="70" coveredstatements="68" conditionals="30" coveredconditionals="24" methods="18" coveredmethods="18"/>
        <line num="26" count="9" type="stmt"/>
        <line num="27" count="9" type="stmt"/>
        <line num="28" count="9" type="stmt"/>
        <line num="29" count="9" type="stmt"/>
        <line num="30" count="9" type="stmt"/>
        <line num="53" count="38" type="stmt"/>
        <line num="62" count="85" type="stmt"/>
        <line num="63" count="85" type="stmt"/>
        <line num="64" count="85" type="stmt"/>
        <line num="65" count="84" type="stmt"/>
        <line num="67" count="1" type="stmt"/>
        <line num="72" count="2" type="stmt"/>
        <line num="73" count="2" type="stmt"/>
        <line num="74" count="2" type="stmt"/>
        <line num="75" count="1" type="stmt"/>
        <line num="79" count="1" type="stmt"/>
        <line num="81" count="1" type="stmt"/>
        <line num="82" count="1" type="stmt"/>
        <line num="87" count="6" type="stmt"/>
        <line num="88" count="6" type="stmt"/>
        <line num="89" count="5" type="stmt"/>
        <line num="90" count="5" type="stmt"/>
        <line num="91" count="5" type="stmt"/>
        <line num="92" count="5" type="stmt"/>
        <line num="93" count="5" type="cond" truecount="2" falsecount="0"/>
        <line num="96" count="6" type="stmt"/>
        <line num="106" count="6" type="stmt"/>
        <line num="108" count="1" type="stmt"/>
        <line num="109" count="1" type="stmt"/>
        <line num="114" count="5" type="stmt"/>
        <line num="115" count="5" type="stmt"/>
        <line num="116" count="5" type="stmt"/>
        <line num="117" count="4" type="stmt"/>
        <line num="118" count="5" type="stmt"/>
        <line num="119" count="4" type="cond" truecount="2" falsecount="0"/>
        <line num="122" count="5" type="stmt"/>
        <line num="129" count="5" type="stmt"/>
        <line num="131" count="1" type="stmt"/>
        <line num="136" count="1" type="cond" truecount="1" falsecount="1"/>
        <line num="137" count="1" type="cond" truecount="1" falsecount="1"/>
        <line num="138" count="0" type="stmt"/>
        <line num="139" count="1" type="stmt"/>
        <line num="141" count="1" type="stmt"/>
        <line num="145" count="1" type="cond" truecount="1" falsecount="1"/>
        <line num="146" count="1" type="cond" truecount="1" falsecount="1"/>
        <line num="147" count="0" type="stmt"/>
        <line num="148" count="1" type="stmt"/>
        <line num="150" count="1" type="stmt"/>
        <line num="154" count="3" type="stmt"/>
        <line num="155" count="3" type="stmt"/>
        <line num="156" count="2" type="stmt"/>
        <line num="158" count="1" type="stmt"/>
        <line num="163" count="2" type="stmt"/>
        <line num="164" count="2" type="stmt"/>
        <line num="165" count="1" type="stmt"/>
        <line num="168" count="1" type="stmt"/>
        <line num="172" count="1" type="stmt"/>
        <line num="173" count="1" type="stmt"/>
        <line num="178" count="3" type="stmt"/>
        <line num="179" count="3" type="stmt"/>
        <line num="180" count="2" type="stmt"/>
        <line num="182" count="3" type="cond" truecount="2" falsecount="0"/>
        <line num="186" count="1" type="stmt"/>
        <line num="187" count="1" type="stmt"/>
        <line num="192" count="3" type="stmt"/>
        <line num="193" count="3" type="stmt"/>
        <line num="194" count="2" type="stmt"/>
        <line num="196" count="3" type="cond" truecount="2" falsecount="0"/>
        <line num="200" count="1" type="stmt"/>
        <line num="201" count="1" type="stmt"/>
      </file>
      <file name="workspaceTemplateStore.ts" path="/Users/tyler/Code/fury/src/stores/workspaceTemplateStore.ts">
        <metrics statements="28" coveredstatements="28" conditionals="2" coveredconditionals="2" methods="7" coveredmethods="7"/>
        <line num="28" count="3" type="stmt"/>
        <line num="29" count="3" type="stmt"/>
        <line num="35" count="3" type="stmt"/>
        <line num="36" count="3" type="stmt"/>
        <line num="37" count="3" type="stmt"/>
        <line num="38" count="2" type="stmt"/>
        <line num="40" count="1" type="stmt"/>
        <line num="45" count="9" type="stmt"/>
        <line num="46" count="9" type="stmt"/>
        <line num="47" count="9" type="stmt"/>
        <line num="48" count="6" type="stmt"/>
        <line num="49" count="6" type="stmt"/>
        <line num="51" count="3" type="stmt"/>
        <line num="52" count="3" type="stmt"/>
        <line num="60" count="3" type="stmt"/>
        <line num="61" count="3" type="stmt"/>
        <line num="62" count="3" type="stmt"/>
        <line num="63" count="2" type="stmt"/>
        <line num="65" count="3" type="cond" truecount="2" falsecount="0"/>
        <line num="69" count="1" type="stmt"/>
        <line num="70" count="1" type="stmt"/>
        <line num="75" count="2" type="stmt"/>
        <line num="76" count="2" type="stmt"/>
        <line num="77" count="2" type="stmt"/>
        <line num="78" count="1" type="stmt"/>
        <line num="79" count="2" type="stmt"/>
        <line num="82" count="1" type="stmt"/>
        <line num="83" count="1" type="stmt"/>
      </file>
    </package>
  </project>
</coverage>
