<?xml version="1.0" encoding="UTF-8"?>
<coverage generated="1772074108886" clover="3.2.0">
  <project timestamp="1772074108886" name="All files">
    <metrics statements="3905" coveredstatements="3905" conditionals="3183" coveredconditionals="3109" methods="1516" coveredmethods="1510" elements="8604" coveredelements="8524" complexity="0" loc="3905" ncloc="3905" packages="18" files="74" classes="74"/>
    <package name="src">
      <metrics statements="112" coveredstatements="112" conditionals="81" coveredconditionals="76" methods="31" coveredmethods="31"/>
      <file name="App.tsx" path="/Users/tyler/Code/workspaces/fury/kingston/src/App.tsx">
        <metrics statements="112" coveredstatements="112" conditionals="81" coveredconditionals="76" methods="31" coveredmethods="31"/>
        <line num="37" count="118" type="stmt"/>
        <line num="38" count="363" type="stmt"/>
        <line num="39" count="363" type="stmt"/>
        <line num="40" count="354" type="stmt"/>
        <line num="41" count="354" type="stmt"/>
        <line num="42" count="118" type="cond" truecount="2" falsecount="0"/>
        <line num="44" count="118" type="cond" truecount="2" falsecount="0"/>
        <line num="45" count="118" type="cond" truecount="2" falsecount="0"/>
        <line num="46" count="136" type="stmt"/>
        <line num="47" count="118" type="cond" truecount="2" falsecount="0"/>
        <line num="49" count="118" type="stmt"/>
        <line num="84" count="150" type="stmt"/>
        <line num="85" count="150" type="stmt"/>
        <line num="86" count="461" type="stmt"/>
        <line num="87" count="461" type="stmt"/>
        <line num="88" count="461" type="stmt"/>
        <line num="89" count="150" type="stmt"/>
        <line num="90" count="150" type="stmt"/>
        <line num="91" count="150" type="stmt"/>
        <line num="92" count="150" type="stmt"/>
        <line num="95" count="150" type="stmt"/>
        <line num="96" count="46" type="stmt"/>
        <line num="100" count="150" type="stmt"/>
        <line num="101" count="45" type="stmt"/>
        <line num="103" count="43" type="stmt"/>
        <line num="104" count="43" type="cond" truecount="2" falsecount="0"/>
        <line num="105" count="1" type="stmt"/>
        <line num="108" count="2" type="stmt"/>
        <line num="112" count="150" type="stmt"/>
        <line num="113" count="45" type="stmt"/>
        <line num="114" count="45" type="stmt"/>
        <line num="115" count="45" type="stmt"/>
        <line num="116" count="45" type="stmt"/>
        <line num="117" count="45" type="stmt"/>
        <line num="122" count="150" type="stmt"/>
        <line num="123" count="45" type="stmt"/>
        <line num="124" count="45" type="stmt"/>
        <line num="127" count="150" type="cond" truecount="2" falsecount="0"/>
        <line num="130" count="150" type="stmt"/>
        <line num="131" count="91" type="cond" truecount="2" falsecount="0"/>
        <line num="133" count="71" type="stmt"/>
        <line num="134" count="71" type="cond" truecount="2" falsecount="0"/>
        <line num="135" count="31" type="stmt"/>
        <line num="136" count="5" type="stmt"/>
        <line num="138" count="91" type="cond" truecount="2" falsecount="0"/>
        <line num="140" count="36" type="stmt"/>
        <line num="141" count="36" type="cond" truecount="2" falsecount="0"/>
        <line num="142" count="1" type="cond" truecount="1" falsecount="1"/>
        <line num="143" count="1" type="stmt"/>
        <line num="147" count="35" type="stmt"/>
        <line num="149" count="34" type="stmt"/>
        <line num="150" count="34" type="cond" truecount="2" falsecount="0"/>
        <line num="151" count="2" type="stmt"/>
        <line num="154" count="1" type="stmt"/>
        <line num="158" count="150" type="stmt"/>
        <line num="159" count="21" type="stmt"/>
        <line num="160" count="21" type="cond" truecount="15" falsecount="0"/>
        <line num="162" count="5" type="stmt"/>
        <line num="163" count="5" type="stmt"/>
        <line num="165" count="1" type="stmt"/>
        <line num="166" count="1" type="stmt"/>
        <line num="168" count="1" type="stmt"/>
        <line num="169" count="1" type="stmt"/>
        <line num="170" count="1" type="stmt"/>
        <line num="171" count="1" type="stmt"/>
        <line num="173" count="2" type="stmt"/>
        <line num="174" count="2" type="stmt"/>
        <line num="176" count="1" type="stmt"/>
        <line num="177" count="1" type="stmt"/>
        <line num="179" count="1" type="stmt"/>
        <line num="180" count="1" type="stmt"/>
        <line num="182" count="1" type="stmt"/>
        <line num="183" count="1" type="stmt"/>
        <line num="185" count="1" type="stmt"/>
        <line num="186" count="1" type="stmt"/>
        <line num="187" count="1" type="stmt"/>
        <line num="189" count="1" type="stmt"/>
        <line num="190" count="1" type="stmt"/>
        <line num="191" count="1" type="stmt"/>
        <line num="193" count="1" type="stmt"/>
        <line num="194" count="1" type="stmt"/>
        <line num="195" count="1" type="stmt"/>
        <line num="197" count="1" type="stmt"/>
        <line num="198" count="1" type="stmt"/>
        <line num="200" count="1" type="stmt"/>
        <line num="201" count="1" type="stmt"/>
        <line num="202" count="1" type="stmt"/>
        <line num="203" count="1" type="stmt"/>
        <line num="205" count="1" type="stmt"/>
        <line num="206" count="1" type="stmt"/>
        <line num="209" count="2" type="stmt"/>
        <line num="210" count="2" type="cond" truecount="2" falsecount="0"/>
        <line num="211" count="1" type="stmt"/>
        <line num="212" count="1" type="stmt"/>
        <line num="214" count="2" type="stmt"/>
        <line num="217" count="1" type="stmt"/>
        <line num="218" count="1" type="stmt"/>
        <line num="222" count="150" type="stmt"/>
        <line num="223" count="1" type="stmt"/>
        <line num="224" count="1" type="cond" truecount="1" falsecount="1"/>
        <line num="227" count="150" type="stmt"/>
        <line num="230" count="150" type="cond" truecount="2" falsecount="0"/>
        <line num="231" count="32" type="stmt"/>
        <line num="233" count="32" type="stmt"/>
        <line num="245" count="1" type="stmt"/>
        <line num="269" count="118" type="stmt"/>
        <line num="270" count="118" type="cond" truecount="2" falsecount="0"/>
        <line num="271" count="73" type="stmt"/>
        <line num="273" count="10" type="stmt"/>
        <line num="276" count="150" type="cond" truecount="2" falsecount="0"/>
        <line num="282" count="150" type="cond" truecount="2" falsecount="0"/>
        <line num="284" count="150" type="stmt"/>
      </file>
    </package>
    <package name="src.components">
      <metrics statements="56" coveredstatements="56" conditionals="56" coveredconditionals="55" methods="38" coveredmethods="38"/>
      <file name="CommandPalette.tsx" path="/Users/tyler/Code/workspaces/fury/kingston/src/components/CommandPalette.tsx">
        <metrics statements="34" coveredstatements="34" conditionals="28" coveredconditionals="27" methods="25" coveredmethods="25"/>
        <line num="31" count="40" type="stmt"/>
        <line num="32" count="40" type="stmt"/>
        <line num="33" count="40" type="stmt"/>
        <line num="34" count="120" type="stmt"/>
        <line num="36" count="40" type="stmt"/>
        <line num="37" count="11" type="stmt"/>
        <line num="38" count="11" type="stmt"/>
        <line num="41" count="40" type="stmt"/>
        <line num="42" count="1176" type="stmt"/>
        <line num="43" count="203" type="cond" truecount="2" falsecount="0"/>
        <line num="46" count="40" type="stmt"/>
        <line num="102" count="1" type="stmt"/>
        <line num="109" count="1" type="stmt"/>
        <line num="116" count="1" type="stmt"/>
        <line num="123" count="1" type="stmt"/>
        <line num="137" count="1" type="stmt"/>
        <line num="141" count="1" type="stmt"/>
        <line num="146" count="1" type="stmt"/>
        <line num="149" count="1" type="stmt"/>
        <line num="162" count="1" type="stmt"/>
        <line num="168" count="1" type="stmt"/>
        <line num="173" count="1" type="stmt"/>
        <line num="190" count="9" type="cond" truecount="2" falsecount="0"/>
        <line num="192" count="35" type="stmt"/>
        <line num="193" count="25" type="stmt"/>
        <line num="197" count="2" type="stmt"/>
        <line num="198" count="2" type="stmt"/>
        <line num="217" count="9" type="stmt"/>
        <line num="218" count="9" type="stmt"/>
        <line num="222" count="1" type="stmt"/>
        <line num="223" count="1" type="stmt"/>
        <line num="224" count="1" type="stmt"/>
        <line num="225" count="1" type="stmt"/>
        <line num="278" count="342" type="stmt"/>
      </file>
      <file name="ErrorBoundary.tsx" path="/Users/tyler/Code/workspaces/fury/kingston/src/components/ErrorBoundary.tsx">
        <metrics statements="9" coveredstatements="9" conditionals="10" coveredconditionals="10" methods="5" coveredmethods="5"/>
        <line num="16" count="11" type="stmt"/>
        <line num="19" count="12" type="stmt"/>
        <line num="23" count="6" type="cond" truecount="2" falsecount="0"/>
        <line num="27" count="4" type="cond" truecount="4" falsecount="0"/>
        <line num="28" count="1" type="stmt"/>
        <line num="33" count="28" type="cond" truecount="2" falsecount="0"/>
        <line num="34" count="14" type="stmt"/>
        <line num="49" count="1" type="stmt"/>
        <line num="62" count="14" type="stmt"/>
      </file>
      <file name="Toast.tsx" path="/Users/tyler/Code/workspaces/fury/kingston/src/components/Toast.tsx">
        <metrics statements="11" coveredstatements="11" conditionals="4" coveredconditionals="4" methods="6" coveredmethods="6"/>
        <line num="4" count="2" type="stmt"/>
        <line num="10" count="2" type="stmt"/>
        <line num="17" count="384" type="stmt"/>
        <line num="18" count="384" type="stmt"/>
        <line num="20" count="128" type="cond" truecount="2" falsecount="0"/>
        <line num="22" count="9" type="stmt"/>
        <line num="25" count="13" type="stmt"/>
        <line num="26" count="13" type="stmt"/>
        <line num="45" count="1" type="stmt"/>
        <line num="46" count="1" type="stmt"/>
        <line num="58" count="1" type="stmt"/>
      </file>
      <file name="UpdateBanner.tsx" path="/Users/tyler/Code/workspaces/fury/kingston/src/components/UpdateBanner.tsx">
        <metrics statements="2" coveredstatements="2" conditionals="14" coveredconditionals="14" methods="2" coveredmethods="2"/>
        <line num="21" count="13" type="stmt"/>
        <line num="42" count="1" type="stmt"/>
      </file>
    </package>
    <package name="src.components.chat">
      <metrics statements="715" coveredstatements="715" conditionals="700" coveredconditionals="667" methods="193" coveredmethods="192"/>
      <file name="ChatPanel.tsx" path="/Users/tyler/Code/workspaces/fury/kingston/src/components/chat/ChatPanel.tsx">
        <metrics statements="94" coveredstatements="94" conditionals="63" coveredconditionals="59" methods="31" coveredmethods="31"/>
        <line num="17" count="1" type="stmt"/>
        <line num="25" count="56" type="stmt"/>
        <line num="26" count="190" type="cond" truecount="2" falsecount="0"/>
        <line num="28" count="56" type="stmt"/>
        <line num="29" count="179" type="cond" truecount="2" falsecount="0"/>
        <line num="31" count="56" type="stmt"/>
        <line num="32" count="179" type="cond" truecount="2" falsecount="0"/>
        <line num="34" count="56" type="stmt"/>
        <line num="35" count="179" type="cond" truecount="2" falsecount="0"/>
        <line num="37" count="56" type="stmt"/>
        <line num="38" count="179" type="cond" truecount="2" falsecount="0"/>
        <line num="42" count="56" type="stmt"/>
        <line num="43" count="56" type="stmt"/>
        <line num="44" count="56" type="stmt"/>
        <line num="45" count="56" type="stmt"/>
        <line num="46" count="56" type="stmt"/>
        <line num="47" count="56" type="stmt"/>
        <line num="48" count="168" type="cond" truecount="2" falsecount="0"/>
        <line num="52" count="56" type="stmt"/>
        <line num="53" count="41" type="stmt"/>
        <line num="54" count="41" type="stmt"/>
        <line num="55" count="41" type="stmt"/>
        <line num="57" count="41" type="stmt"/>
        <line num="58" count="41" type="stmt"/>
        <line num="59" count="41" type="stmt"/>
        <line num="61" count="41" type="cond" truecount="2" falsecount="0"/>
        <line num="62" count="38" type="stmt"/>
        <line num="63" count="38" type="stmt"/>
        <line num="64" count="38" type="stmt"/>
        <line num="70" count="41" type="stmt"/>
        <line num="71" count="41" type="cond" truecount="2" falsecount="0"/>
        <line num="72" count="38" type="stmt"/>
        <line num="78" count="56" type="stmt"/>
        <line num="79" count="42" type="cond" truecount="4" falsecount="0"/>
        <line num="80" count="14" type="stmt"/>
        <line num="84" count="56" type="stmt"/>
        <line num="85" count="56" type="stmt"/>
        <line num="87" count="56" type="stmt"/>
        <line num="88" count="56" type="stmt"/>
        <line num="91" count="56" type="stmt"/>
        <line num="92" count="48" type="cond" truecount="2" falsecount="0"/>
        <line num="93" count="4" type="stmt"/>
        <line num="94" count="3" type="cond" truecount="2" falsecount="0"/>
        <line num="98" count="2" type="stmt"/>
        <line num="100" count="1" type="stmt"/>
        <line num="102" count="4" type="stmt"/>
        <line num="103" count="4" type="stmt"/>
        <line num="106" count="56" type="stmt"/>
        <line num="108" count="4" type="cond" truecount="1" falsecount="1"/>
        <line num="109" count="4" type="cond" truecount="1" falsecount="1"/>
        <line num="110" count="4" type="stmt"/>
        <line num="111" count="4" type="stmt"/>
        <line num="112" count="4" type="stmt"/>
        <line num="116" count="1" type="stmt"/>
        <line num="122" count="56" type="stmt"/>
        <line num="123" count="2" type="stmt"/>
        <line num="124" count="2" type="stmt"/>
        <line num="126" count="1" type="stmt"/>
        <line num="130" count="56" type="stmt"/>
        <line num="131" count="7" type="cond" truecount="4" falsecount="0"/>
        <line num="133" count="5" type="stmt"/>
        <line num="134" count="7" type="stmt"/>
        <line num="135" count="5" type="cond" truecount="2" falsecount="0"/>
        <line num="136" count="4" type="stmt"/>
        <line num="137" count="4" type="stmt"/>
        <line num="138" count="3" type="stmt"/>
        <line num="140" count="4" type="cond" truecount="2" falsecount="0"/>
        <line num="142" count="3" type="stmt"/>
        <line num="143" count="3" type="stmt"/>
        <line num="144" count="3" type="cond" truecount="1" falsecount="1"/>
        <line num="145" count="7" type="cond" truecount="1" falsecount="1"/>
        <line num="146" count="7" type="stmt"/>
        <line num="147" count="7" type="stmt"/>
        <line num="151" count="1" type="stmt"/>
        <line num="155" count="56" type="stmt"/>
        <line num="156" count="1" type="stmt"/>
        <line num="159" count="56" type="stmt"/>
        <line num="160" count="3" type="stmt"/>
        <line num="161" count="3" type="cond" truecount="2" falsecount="0"/>
        <line num="162" count="2" type="stmt"/>
        <line num="163" count="2" type="stmt"/>
        <line num="165" count="1" type="stmt"/>
        <line num="169" count="56" type="stmt"/>
        <line num="170" count="3" type="stmt"/>
        <line num="171" count="3" type="stmt"/>
        <line num="172" count="2" type="stmt"/>
        <line num="174" count="1" type="stmt"/>
        <line num="178" count="56" type="stmt"/>
        <line num="190" count="5" type="stmt"/>
        <line num="203" count="1" type="stmt"/>
        <line num="222" count="3" type="cond" truecount="2" falsecount="0"/>
        <line num="223" count="2" type="cond" truecount="2" falsecount="0"/>
        <line num="230" count="1" type="stmt"/>
        <line num="236" count="1" type="stmt"/>
      </file>
      <file name="ChatTOC.tsx" path="/Users/tyler/Code/workspaces/fury/kingston/src/components/chat/ChatTOC.tsx">
        <metrics statements="12" coveredstatements="12" conditionals="8" coveredconditionals="8" methods="6" coveredmethods="6"/>
        <line num="11" count="11" type="stmt"/>
        <line num="12" count="2" type="stmt"/>
        <line num="13" count="2" type="cond" truecount="2" falsecount="0"/>
        <line num="14" count="1" type="stmt"/>
        <line num="16" count="1" type="stmt"/>
        <line num="22" count="11" type="stmt"/>
        <line num="59" count="14" type="cond" truecount="2" falsecount="0"/>
        <line num="62" count="13" type="stmt"/>
        <line num="64" count="12" type="stmt"/>
        <line num="67" count="14" type="cond" truecount="2" falsecount="0"/>
        <line num="69" count="14" type="stmt"/>
        <line num="72" count="2" type="stmt"/>
      </file>
      <file name="Composer.tsx" path="/Users/tyler/Code/workspaces/fury/kingston/src/components/chat/Composer.tsx">
        <metrics statements="296" coveredstatements="296" conditionals="288" coveredconditionals="280" methods="76" coveredmethods="75"/>
        <line num="23" count="11" type="stmt"/>
        <line num="33" count="1" type="stmt"/>
        <line num="45" count="1" type="stmt"/>
        <line num="48" count="10" type="cond" truecount="1" falsecount="1"/>
        <line num="49" count="10" type="stmt"/>
        <line num="53" count="26" type="cond" truecount="5" falsecount="0"/>
        <line num="54" count="5" type="stmt"/>
        <line num="62" count="21" type="cond" truecount="3" falsecount="1"/>
        <line num="76" count="21" type="stmt"/>
        <line num="90" count="20" type="stmt"/>
        <line num="110" count="1" type="stmt"/>
        <line num="117" count="1" type="stmt"/>
        <line num="125" count="1" type="stmt"/>
        <line num="126" count="1" type="stmt"/>
        <line num="134" count="1" type="stmt"/>
        <line num="137" count="36" type="stmt"/>
        <line num="138" count="36" type="stmt"/>
        <line num="139" count="36" type="stmt"/>
        <line num="141" count="36" type="stmt"/>
        <line num="143" count="36" type="stmt"/>
        <line num="144" count="36" type="cond" truecount="4" falsecount="0"/>
        <line num="145" count="31" type="stmt"/>
        <line num="147" count="36" type="stmt"/>
        <line num="190" count="500" type="cond" truecount="2" falsecount="0"/>
        <line num="191" count="1431" type="stmt"/>
        <line num="192" count="1431" type="cond" truecount="2" falsecount="0"/>
        <line num="193" count="500" type="stmt"/>
        <line num="194" count="500" type="cond" truecount="2" falsecount="0"/>
        <line num="195" count="500" type="stmt"/>
        <line num="196" count="500" type="stmt"/>
        <line num="197" count="500" type="stmt"/>
        <line num="200" count="500" type="stmt"/>
        <line num="201" count="500" type="stmt"/>
        <line num="202" count="500" type="stmt"/>
        <line num="205" count="500" type="stmt"/>
        <line num="206" count="500" type="stmt"/>
        <line num="207" count="500" type="stmt"/>
        <line num="210" count="500" type="stmt"/>
        <line num="211" count="500" type="stmt"/>
        <line num="214" count="500" type="stmt"/>
        <line num="216" count="500" type="stmt"/>
        <line num="217" count="500" type="stmt"/>
        <line num="220" count="500" type="stmt"/>
        <line num="222" count="500" type="stmt"/>
        <line num="224" count="507" type="cond" truecount="1" falsecount="1"/>
        <line num="226" count="500" type="stmt"/>
        <line num="227" count="500" type="stmt"/>
        <line num="228" count="500" type="cond" truecount="4" falsecount="0"/>
        <line num="231" count="500" type="stmt"/>
        <line num="232" count="112" type="stmt"/>
        <line num="236" count="500" type="stmt"/>
        <line num="237" count="112" type="stmt"/>
        <line num="241" count="500" type="stmt"/>
        <line num="242" count="112" type="stmt"/>
        <line num="243" count="112" type="cond" truecount="2" falsecount="0"/>
        <line num="244" count="94" type="cond" truecount="2" falsecount="0"/>
        <line num="245" count="1" type="stmt"/>
        <line num="250" count="500" type="stmt"/>
        <line num="251" count="112" type="stmt"/>
        <line num="254" count="112" type="stmt"/>
        <line num="255" count="112" type="stmt"/>
        <line num="318" count="112" type="stmt"/>
        <line num="319" count="112" type="stmt"/>
        <line num="320" count="112" type="stmt"/>
        <line num="325" count="500" type="stmt"/>
        <line num="326" count="116" type="cond" truecount="2" falsecount="0"/>
        <line num="327" count="3" type="stmt"/>
        <line num="328" count="3" type="stmt"/>
        <line num="329" count="3" type="stmt"/>
        <line num="330" count="3" type="stmt"/>
        <line num="331" count="3" type="stmt"/>
        <line num="336" count="500" type="stmt"/>
        <line num="337" count="142" type="cond" truecount="2" falsecount="0"/>
        <line num="338" count="17" type="stmt"/>
        <line num="339" count="17" type="stmt"/>
        <line num="340" count="17" type="stmt"/>
        <line num="341" count="17" type="stmt"/>
        <line num="342" count="17" type="stmt"/>
        <line num="346" count="500" type="stmt"/>
        <line num="347" count="11" type="stmt"/>
        <line num="349" count="11" type="stmt"/>
        <line num="350" count="11" type="stmt"/>
        <line num="355" count="1" type="stmt"/>
        <line num="356" count="1" type="stmt"/>
        <line num="358" count="10" type="cond" truecount="2" falsecount="0"/>
        <line num="359" count="9" type="cond" truecount="2" falsecount="0"/>
        <line num="360" count="11" type="stmt"/>
        <line num="361" count="10" type="cond" truecount="1" falsecount="1"/>
        <line num="362" count="10" type="stmt"/>
        <line num="364" count="11" type="stmt"/>
        <line num="365" count="11" type="stmt"/>
        <line num="366" count="10" type="cond" truecount="2" falsecount="0"/>
        <line num="367" count="2" type="stmt"/>
        <line num="369" count="1" type="stmt"/>
        <line num="370" count="1" type="cond" truecount="1" falsecount="1"/>
        <line num="374" count="1" type="stmt"/>
        <line num="375" count="1" type="stmt"/>
        <line num="376" count="1" type="cond" truecount="1" falsecount="1"/>
        <line num="383" count="500" type="stmt"/>
        <line num="384" count="1" type="stmt"/>
        <line num="387" count="500" type="stmt"/>
        <line num="388" count="1431" type="cond" truecount="2" falsecount="0"/>
        <line num="390" count="500" type="stmt"/>
        <line num="391" count="1431" type="cond" truecount="2" falsecount="0"/>
        <line num="393" count="500" type="stmt"/>
        <line num="395" count="112" type="stmt"/>
        <line num="396" count="112" type="stmt"/>
        <line num="397" count="112" type="stmt"/>
        <line num="399" count="500" type="stmt"/>
        <line num="400" count="142" type="cond" truecount="2" falsecount="0"/>
        <line num="401" count="30" type="stmt"/>
        <line num="402" count="80" type="stmt"/>
        <line num="406" count="1431" type="cond" truecount="2" falsecount="0"/>
        <line num="407" count="500" type="stmt"/>
        <line num="408" count="151" type="stmt"/>
        <line num="409" count="151" type="cond" truecount="5" falsecount="0"/>
        <line num="410" count="117" type="stmt"/>
        <line num="412" count="151" type="stmt"/>
        <line num="413" count="151" type="stmt"/>
        <line num="414" count="126" type="cond" truecount="4" falsecount="0"/>
        <line num="415" count="82" type="stmt"/>
        <line num="416" count="82" type="stmt"/>
        <line num="418" count="126" type="cond" truecount="2" falsecount="0"/>
        <line num="420" count="151" type="stmt"/>
        <line num="423" count="500" type="stmt"/>
        <line num="424" count="13" type="cond" truecount="2" falsecount="0"/>
        <line num="425" count="12" type="cond" truecount="2" falsecount="0"/>
        <line num="428" count="13" type="cond" truecount="5" falsecount="0"/>
        <line num="429" count="1" type="stmt"/>
        <line num="430" count="1" type="stmt"/>
        <line num="434" count="12" type="cond" truecount="2" falsecount="0"/>
        <line num="435" count="4" type="stmt"/>
        <line num="436" count="4" type="cond" truecount="2" falsecount="0"/>
        <line num="440" count="4" type="stmt"/>
        <line num="441" count="4" type="cond" truecount="2" falsecount="0"/>
        <line num="444" count="12" type="cond" truecount="4" falsecount="0"/>
        <line num="445" count="13" type="stmt"/>
        <line num="446" count="13" type="stmt"/>
        <line num="447" count="13" type="stmt"/>
        <line num="448" count="13" type="stmt"/>
        <line num="449" count="13" type="stmt"/>
        <line num="450" count="13" type="stmt"/>
        <line num="457" count="500" type="stmt"/>
        <line num="459" count="9" type="stmt"/>
        <line num="462" count="9" type="stmt"/>
        <line num="463" count="9" type="stmt"/>
        <line num="464" count="9" type="stmt"/>
        <line num="465" count="9" type="stmt"/>
        <line num="466" count="9" type="stmt"/>
        <line num="469" count="9" type="stmt"/>
        <line num="470" count="9" type="cond" truecount="2" falsecount="0"/>
        <line num="471" count="2" type="stmt"/>
        <line num="472" count="2" type="stmt"/>
        <line num="473" count="2" type="stmt"/>
        <line num="474" count="2" type="stmt"/>
        <line num="477" count="7" type="stmt"/>
        <line num="478" count="7" type="stmt"/>
        <line num="479" count="7" type="stmt"/>
        <line num="480" count="7" type="stmt"/>
        <line num="485" count="500" type="stmt"/>
        <line num="487" count="8" type="stmt"/>
        <line num="490" count="8" type="stmt"/>
        <line num="491" count="8" type="stmt"/>
        <line num="492" count="8" type="stmt"/>
        <line num="493" count="8" type="stmt"/>
        <line num="495" count="8" type="cond" truecount="2" falsecount="0"/>
        <line num="496" count="3" type="stmt"/>
        <line num="498" count="5" type="stmt"/>
        <line num="500" count="8" type="stmt"/>
        <line num="505" count="500" type="stmt"/>
        <line num="507" count="287" type="cond" truecount="4" falsecount="0"/>
        <line num="508" count="38" type="cond" truecount="2" falsecount="0"/>
        <line num="509" count="3" type="stmt"/>
        <line num="510" count="3" type="stmt"/>
        <line num="511" count="3" type="stmt"/>
        <line num="513" count="3" type="stmt"/>
        <line num="515" count="35" type="cond" truecount="2" falsecount="0"/>
        <line num="516" count="2" type="stmt"/>
        <line num="517" count="2" type="stmt"/>
        <line num="518" count="2" type="stmt"/>
        <line num="520" count="33" type="cond" truecount="4" falsecount="0"/>
        <line num="521" count="8" type="stmt"/>
        <line num="522" count="8" type="stmt"/>
        <line num="523" count="8" type="stmt"/>
        <line num="525" count="25" type="cond" truecount="2" falsecount="0"/>
        <line num="526" count="1" type="stmt"/>
        <line num="527" count="1" type="stmt"/>
        <line num="528" count="1" type="stmt"/>
        <line num="533" count="273" type="cond" truecount="4" falsecount="0"/>
        <line num="534" count="46" type="cond" truecount="2" falsecount="0"/>
        <line num="535" count="3" type="stmt"/>
        <line num="536" count="3" type="stmt"/>
        <line num="537" count="3" type="stmt"/>
        <line num="539" count="3" type="stmt"/>
        <line num="541" count="43" type="cond" truecount="2" falsecount="0"/>
        <line num="542" count="2" type="stmt"/>
        <line num="543" count="2" type="stmt"/>
        <line num="544" count="2" type="stmt"/>
        <line num="546" count="41" type="cond" truecount="4" falsecount="0"/>
        <line num="547" count="5" type="stmt"/>
        <line num="548" count="5" type="stmt"/>
        <line num="549" count="5" type="stmt"/>
        <line num="551" count="36" type="cond" truecount="2" falsecount="0"/>
        <line num="552" count="1" type="stmt"/>
        <line num="553" count="1" type="stmt"/>
        <line num="554" count="1" type="stmt"/>
        <line num="559" count="262" type="cond" truecount="7" falsecount="0"/>
        <line num="560" count="1" type="cond" truecount="1" falsecount="1"/>
        <line num="561" count="1" type="stmt"/>
        <line num="562" count="1" type="stmt"/>
        <line num="563" count="1" type="stmt"/>
        <line num="568" count="261" type="cond" truecount="7" falsecount="0"/>
        <line num="569" count="1" type="stmt"/>
        <line num="570" count="1" type="stmt"/>
        <line num="571" count="1" type="stmt"/>
        <line num="575" count="260" type="cond" truecount="7" falsecount="0"/>
        <line num="576" count="1" type="stmt"/>
        <line num="577" count="1" type="stmt"/>
        <line num="578" count="1" type="stmt"/>
        <line num="582" count="259" type="cond" truecount="7" falsecount="0"/>
        <line num="583" count="1" type="stmt"/>
        <line num="584" count="1" type="stmt"/>
        <line num="585" count="1" type="stmt"/>
        <line num="589" count="258" type="cond" truecount="6" falsecount="0"/>
        <line num="590" count="2" type="cond" truecount="4" falsecount="0"/>
        <line num="591" count="1" type="stmt"/>
        <line num="592" count="1" type="stmt"/>
        <line num="593" count="1" type="stmt"/>
        <line num="595" count="1" type="cond" truecount="3" falsecount="1"/>
        <line num="596" count="1" type="stmt"/>
        <line num="597" count="1" type="stmt"/>
        <line num="598" count="1" type="stmt"/>
        <line num="602" count="256" type="cond" truecount="4" falsecount="0"/>
        <line num="603" count="7" type="stmt"/>
        <line num="604" count="7" type="stmt"/>
        <line num="608" count="500" type="stmt"/>
        <line num="609" count="239" type="stmt"/>
        <line num="610" count="239" type="stmt"/>
        <line num="611" count="239" type="cond" truecount="2" falsecount="0"/>
        <line num="612" count="1" type="stmt"/>
        <line num="613" count="1" type="stmt"/>
        <line num="616" count="239" type="stmt"/>
        <line num="617" count="239" type="stmt"/>
        <line num="618" count="239" type="stmt"/>
        <line num="619" count="239" type="stmt"/>
        <line num="620" count="239" type="stmt"/>
        <line num="623" count="239" type="cond" truecount="2" falsecount="0"/>
        <line num="624" count="47" type="stmt"/>
        <line num="625" count="47" type="stmt"/>
        <line num="626" count="47" type="stmt"/>
        <line num="627" count="47" type="stmt"/>
        <line num="629" count="192" type="stmt"/>
        <line num="633" count="239" type="stmt"/>
        <line num="634" count="239" type="cond" truecount="2" falsecount="0"/>
        <line num="635" count="78" type="stmt"/>
        <line num="637" count="78" type="cond" truecount="2" falsecount="0"/>
        <line num="638" count="59" type="cond" truecount="2" falsecount="0"/>
        <line num="639" count="59" type="cond" truecount="5" falsecount="0"/>
        <line num="640" count="58" type="stmt"/>
        <line num="641" count="58" type="stmt"/>
        <line num="642" count="58" type="stmt"/>
        <line num="644" count="1" type="stmt"/>
        <line num="647" count="19" type="stmt"/>
        <line num="650" count="161" type="stmt"/>
        <line num="654" count="239" type="stmt"/>
        <line num="655" count="239" type="stmt"/>
        <line num="656" count="239" type="stmt"/>
        <line num="660" count="500" type="cond" truecount="2" falsecount="0"/>
        <line num="661" count="8" type="stmt"/>
        <line num="662" count="492" type="cond" truecount="2" falsecount="0"/>
        <line num="663" count="5" type="stmt"/>
        <line num="665" count="487" type="stmt"/>
        <line num="669" count="500" type="cond" truecount="2" falsecount="0"/>
        <line num="670" count="1" type="stmt"/>
        <line num="671" count="499" type="cond" truecount="2" falsecount="0"/>
        <line num="672" count="496" type="stmt"/>
        <line num="674" count="3" type="stmt"/>
        <line num="677" count="500" type="stmt"/>
        <line num="705" count="1" type="stmt"/>
        <line num="708" count="1" type="stmt"/>
        <line num="721" count="1" type="stmt"/>
        <line num="746" count="126" type="stmt"/>
        <line num="748" count="1" type="stmt"/>
        <line num="788" count="173" type="stmt"/>
        <line num="790" count="3" type="stmt"/>
        <line num="837" count="26" type="stmt"/>
        <line num="849" count="1" type="stmt"/>
        <line num="886" count="2" type="stmt"/>
        <line num="907" count="24" type="stmt"/>
        <line num="910" count="1" type="stmt"/>
        <line num="911" count="1" type="stmt"/>
        <line num="929" count="1" type="stmt"/>
        <line num="943" count="1" type="stmt"/>
        <line num="965" count="17" type="stmt"/>
        <line num="993" count="1" type="stmt"/>
        <line num="1004" count="1" type="stmt"/>
      </file>
      <file name="MarkdownContent.tsx" path="/Users/tyler/Code/workspaces/fury/kingston/src/components/chat/MarkdownContent.tsx">
        <metrics statements="22" coveredstatements="22" conditionals="4" coveredconditionals="3" methods="19" coveredmethods="19"/>
        <line num="15" count="14" type="stmt"/>
        <line num="28" count="14" type="cond" truecount="1" falsecount="1"/>
        <line num="32" count="1" type="stmt"/>
        <line num="34" count="1" type="stmt"/>
        <line num="39" count="1" type="stmt"/>
        <line num="44" count="1" type="stmt"/>
        <line num="49" count="8" type="stmt"/>
        <line num="52" count="1" type="stmt"/>
        <line num="63" count="1" type="stmt"/>
        <line num="66" count="1" type="stmt"/>
        <line num="68" count="4" type="stmt"/>
        <line num="70" count="2" type="stmt"/>
        <line num="82" count="1" type="stmt"/>
        <line num="94" count="1" type="stmt"/>
        <line num="105" count="1" type="stmt"/>
        <line num="112" count="2" type="stmt"/>
        <line num="123" count="2" type="stmt"/>
        <line num="131" count="1" type="stmt"/>
        <line num="134" count="1" type="stmt"/>
        <line num="138" count="1" type="stmt"/>
        <line num="142" count="15" type="cond" truecount="2" falsecount="0"/>
        <line num="144" count="14" type="stmt"/>
      </file>
      <file name="MessageBubble.tsx" path="/Users/tyler/Code/workspaces/fury/kingston/src/components/chat/MessageBubble.tsx">
        <metrics statements="199" coveredstatements="199" conditionals="273" coveredconditionals="260" methods="39" coveredmethods="39"/>
        <line num="37" count="9" type="stmt"/>
        <line num="38" count="9" type="stmt"/>
        <line num="39" count="9" type="stmt"/>
        <line num="40" count="6" type="stmt"/>
        <line num="41" count="6" type="stmt"/>
        <line num="42" count="6" type="cond" truecount="1" falsecount="1"/>
        <line num="44" count="9" type="stmt"/>
        <line num="45" count="9" type="stmt"/>
        <line num="49" count="7" type="stmt"/>
        <line num="50" count="7" type="stmt"/>
        <line num="52" count="7" type="stmt"/>
        <line num="53" count="4" type="stmt"/>
        <line num="54" count="4" type="stmt"/>
        <line num="56" count="2" type="cond" truecount="1" falsecount="1"/>
        <line num="59" count="1" type="stmt"/>
        <line num="60" count="1" type="cond" truecount="1" falsecount="1"/>
        <line num="62" count="4" type="stmt"/>
        <line num="65" count="7" type="cond" truecount="2" falsecount="0"/>
        <line num="66" count="1" type="stmt"/>
        <line num="74" count="6" type="cond" truecount="2" falsecount="0"/>
        <line num="75" count="4" type="stmt"/>
        <line num="80" count="2" type="stmt"/>
        <line num="105" count="103" type="stmt"/>
        <line num="106" count="103" type="stmt"/>
        <line num="107" count="103" type="stmt"/>
        <line num="109" count="103" type="stmt"/>
        <line num="110" count="179" type="cond" truecount="2" falsecount="0"/>
        <line num="111" count="31" type="stmt"/>
        <line num="112" count="31" type="stmt"/>
        <line num="116" count="103" type="stmt"/>
        <line num="117" count="135" type="cond" truecount="2" falsecount="0"/>
        <line num="118" count="75" type="stmt"/>
        <line num="119" count="75" type="stmt"/>
        <line num="123" count="103" type="stmt"/>
        <line num="124" count="118" type="cond" truecount="3" falsecount="0"/>
        <line num="126" count="32" type="stmt"/>
        <line num="127" count="32" type="stmt"/>
        <line num="128" count="32" type="stmt"/>
        <line num="130" count="76" type="stmt"/>
        <line num="131" count="76" type="stmt"/>
        <line num="135" count="76" type="stmt"/>
        <line num="138" count="10" type="stmt"/>
        <line num="139" count="10" type="cond" truecount="2" falsecount="0"/>
        <line num="140" count="9" type="stmt"/>
        <line num="142" count="10" type="stmt"/>
        <line num="147" count="103" type="stmt"/>
        <line num="148" count="103" type="stmt"/>
        <line num="149" count="103" type="stmt"/>
        <line num="155" count="202" type="stmt"/>
        <line num="157" count="202" type="cond" truecount="4" falsecount="0"/>
        <line num="158" count="198" type="cond" truecount="4" falsecount="0"/>
        <line num="159" count="194" type="cond" truecount="2" falsecount="0"/>
        <line num="160" count="186" type="cond" truecount="2" falsecount="0"/>
        <line num="161" count="180" type="cond" truecount="2" falsecount="0"/>
        <line num="162" count="138" type="cond" truecount="2" falsecount="0"/>
        <line num="163" count="110" type="cond" truecount="2" falsecount="0"/>
        <line num="164" count="100" type="cond" truecount="5" falsecount="0"/>
        <line num="165" count="70" type="cond" truecount="4" falsecount="0"/>
        <line num="166" count="56" type="cond" truecount="4" falsecount="0"/>
        <line num="167" count="48" type="cond" truecount="2" falsecount="0"/>
        <line num="168" count="36" type="cond" truecount="2" falsecount="0"/>
        <line num="169" count="34" type="cond" truecount="2" falsecount="0"/>
        <line num="170" count="32" type="cond" truecount="4" falsecount="0"/>
        <line num="171" count="28" type="cond" truecount="2" falsecount="0"/>
        <line num="172" count="26" type="stmt"/>
        <line num="181" count="1" type="stmt"/>
        <line num="183" count="1" type="stmt"/>
        <line num="201" count="1" type="stmt"/>
        <line num="204" count="202" type="cond" truecount="2" falsecount="0"/>
        <line num="208" count="27" type="stmt"/>
        <line num="209" count="27" type="cond" truecount="2" falsecount="0"/>
        <line num="210" count="20" type="stmt"/>
        <line num="214" count="19" type="cond" truecount="1" falsecount="1"/>
        <line num="215" count="19" type="stmt"/>
        <line num="225" count="101" type="stmt"/>
        <line num="226" count="101" type="stmt"/>
        <line num="227" count="101" type="stmt"/>
        <line num="228" count="101" type="stmt"/>
        <line num="230" count="101" type="cond" truecount="4" falsecount="0"/>
        <line num="232" count="87" type="cond" truecount="10" falsecount="0"/>
        <line num="234" count="13" type="cond" truecount="3" falsecount="0"/>
        <line num="235" count="13" type="cond" truecount="2" falsecount="0"/>
        <line num="236" count="13" type="cond" truecount="2" falsecount="0"/>
        <line num="237" count="13" type="stmt"/>
        <line num="244" count="11" type="cond" truecount="3" falsecount="0"/>
        <line num="245" count="11" type="cond" truecount="2" falsecount="0"/>
        <line num="246" count="11" type="cond" truecount="2" falsecount="0"/>
        <line num="247" count="11" type="cond" truecount="2" falsecount="0"/>
        <line num="248" count="11" type="cond" truecount="2" falsecount="0"/>
        <line num="249" count="11" type="stmt"/>
        <line num="250" count="11" type="cond" truecount="2" falsecount="0"/>
        <line num="251" count="11" type="cond" truecount="4" falsecount="0"/>
        <line num="252" count="7" type="cond" truecount="1" falsecount="1"/>
        <line num="253" count="7" type="cond" truecount="2" falsecount="0"/>
        <line num="255" count="11" type="stmt"/>
        <line num="258" count="5" type="cond" truecount="3" falsecount="0"/>
        <line num="259" count="5" type="cond" truecount="2" falsecount="0"/>
        <line num="260" count="5" type="cond" truecount="2" falsecount="0"/>
        <line num="261" count="5" type="stmt"/>
        <line num="262" count="5" type="cond" truecount="2" falsecount="0"/>
        <line num="263" count="5" type="cond" truecount="2" falsecount="0"/>
        <line num="264" count="5" type="stmt"/>
        <line num="267" count="12" type="cond" truecount="3" falsecount="0"/>
        <line num="268" count="12" type="cond" truecount="2" falsecount="0"/>
        <line num="269" count="12" type="cond" truecount="2" falsecount="0"/>
        <line num="270" count="12" type="stmt"/>
        <line num="277" count="7" type="cond" truecount="3" falsecount="0"/>
        <line num="278" count="7" type="cond" truecount="2" falsecount="0"/>
        <line num="279" count="7" type="stmt"/>
        <line num="280" count="7" type="cond" truecount="2" falsecount="0"/>
        <line num="281" count="7" type="cond" truecount="2" falsecount="0"/>
        <line num="283" count="7" type="cond" truecount="2" falsecount="0"/>
        <line num="284" count="1" type="stmt"/>
        <line num="285" count="1" type="cond" truecount="1" falsecount="1"/>
        <line num="286" count="1" type="stmt"/>
        <line num="289" count="7" type="stmt"/>
        <line num="292" count="4" type="cond" truecount="2" falsecount="0"/>
        <line num="293" count="4" type="stmt"/>
        <line num="300" count="6" type="cond" truecount="3" falsecount="0"/>
        <line num="301" count="6" type="cond" truecount="2" falsecount="0"/>
        <line num="302" count="6" type="cond" truecount="2" falsecount="0"/>
        <line num="303" count="6" type="stmt"/>
        <line num="310" count="3" type="cond" truecount="2" falsecount="0"/>
        <line num="311" count="3" type="stmt"/>
        <line num="318" count="4" type="cond" truecount="2" falsecount="0"/>
        <line num="319" count="4" type="stmt"/>
        <line num="320" count="4" type="stmt"/>
        <line num="321" count="4" type="stmt"/>
        <line num="328" count="22" type="stmt"/>
        <line num="329" count="22" type="cond" truecount="2" falsecount="0"/>
        <line num="330" count="13" type="cond" truecount="2" falsecount="0"/>
        <line num="331" count="13" type="stmt"/>
        <line num="333" count="9" type="stmt"/>
        <line num="341" count="12" type="cond" truecount="4" falsecount="0"/>
        <line num="343" count="12" type="cond" truecount="3" falsecount="0"/>
        <line num="345" count="3" type="cond" truecount="2" falsecount="0"/>
        <line num="346" count="2" type="cond" truecount="1" falsecount="2"/>
        <line num="347" count="3" type="cond" truecount="2" falsecount="0"/>
        <line num="348" count="3" type="cond" truecount="1" falsecount="1"/>
        <line num="349" count="3" type="stmt"/>
        <line num="376" count="3" type="cond" truecount="2" falsecount="0"/>
        <line num="377" count="2" type="cond" truecount="1" falsecount="2"/>
        <line num="378" count="3" type="stmt"/>
        <line num="400" count="3" type="cond" truecount="2" falsecount="0"/>
        <line num="401" count="1" type="cond" truecount="1" falsecount="2"/>
        <line num="402" count="3" type="stmt"/>
        <line num="403" count="3" type="stmt"/>
        <line num="404" count="3" type="stmt"/>
        <line num="426" count="7" type="stmt"/>
        <line num="454" count="103" type="stmt"/>
        <line num="455" count="103" type="stmt"/>
        <line num="456" count="103" type="stmt"/>
        <line num="459" count="103" type="cond" truecount="2" falsecount="0"/>
        <line num="461" count="9" type="stmt"/>
        <line num="462" count="10" type="stmt"/>
        <line num="463" count="9" type="stmt"/>
        <line num="465" count="9" type="stmt"/>
        <line num="467" count="9" type="stmt"/>
        <line num="477" count="6" type="stmt"/>
        <line num="478" count="4" type="stmt"/>
        <line num="481" count="6" type="stmt"/>
        <line num="482" count="2" type="stmt"/>
        <line num="503" count="94" type="cond" truecount="2" falsecount="0"/>
        <line num="504" count="8" type="stmt"/>
        <line num="505" count="9" type="stmt"/>
        <line num="506" count="8" type="stmt"/>
        <line num="508" count="8" type="cond" truecount="3" falsecount="0"/>
        <line num="512" count="8" type="stmt"/>
        <line num="523" count="9" type="cond" truecount="2" falsecount="0"/>
        <line num="525" count="8" type="stmt"/>
        <line num="546" count="86" type="stmt"/>
        <line num="549" count="87" type="cond" truecount="2" falsecount="0"/>
        <line num="551" count="15" type="stmt"/>
        <line num="566" count="9" type="stmt"/>
        <line num="568" count="9" type="cond" truecount="2" falsecount="0"/>
        <line num="569" count="2" type="stmt"/>
        <line num="571" count="9" type="cond" truecount="4" falsecount="0"/>
        <line num="572" count="4" type="cond" truecount="2" falsecount="0"/>
        <line num="573" count="4" type="cond" truecount="2" falsecount="0"/>
        <line num="574" count="4" type="stmt"/>
        <line num="576" count="9" type="cond" truecount="4" falsecount="0"/>
        <line num="577" count="2" type="stmt"/>
        <line num="579" count="9" type="cond" truecount="2" falsecount="0"/>
        <line num="580" count="2" type="stmt"/>
        <line num="583" count="9" type="cond" truecount="2" falsecount="0"/>
        <line num="585" count="7" type="stmt"/>
        <line num="591" count="10" type="stmt"/>
        <line num="601" count="73" type="stmt"/>
        <line num="604" count="74" type="stmt"/>
        <line num="611" count="101" type="stmt"/>
        <line num="612" count="101" type="stmt"/>
        <line num="613" count="101" type="stmt"/>
        <line num="614" count="101" type="stmt"/>
        <line num="615" count="101" type="stmt"/>
        <line num="617" count="101" type="stmt"/>
        <line num="620" count="13" type="stmt"/>
        <line num="621" count="13" type="stmt"/>
        <line num="622" count="1" type="stmt"/>
        <line num="641" count="54" type="stmt"/>
      </file>
      <file name="MessageList.tsx" path="/Users/tyler/Code/workspaces/fury/kingston/src/components/chat/MessageList.tsx">
        <metrics statements="81" coveredstatements="81" conditionals="62" coveredconditionals="55" methods="16" coveredmethods="16"/>
        <line num="16" count="22" type="stmt"/>
        <line num="17" count="22" type="stmt"/>
        <line num="18" count="22" type="stmt"/>
        <line num="20" count="22" type="stmt"/>
        <line num="21" count="55" type="cond" truecount="2" falsecount="0"/>
        <line num="22" count="29" type="cond" truecount="2" falsecount="0"/>
        <line num="23" count="10" type="stmt"/>
        <line num="25" count="29" type="stmt"/>
        <line num="26" count="26" type="cond" truecount="2" falsecount="0"/>
        <line num="27" count="22" type="stmt"/>
        <line num="29" count="4" type="stmt"/>
        <line num="33" count="22" type="cond" truecount="2" falsecount="0"/>
        <line num="34" count="19" type="stmt"/>
        <line num="37" count="22" type="stmt"/>
        <line num="41" count="31" type="stmt"/>
        <line num="42" count="31" type="stmt"/>
        <line num="43" count="31" type="stmt"/>
        <line num="44" count="31" type="stmt"/>
        <line num="46" count="31" type="stmt"/>
        <line num="47" count="26" type="cond" truecount="2" falsecount="0"/>
        <line num="48" count="2" type="stmt"/>
        <line num="49" count="2" type="stmt"/>
        <line num="51" count="24" type="cond" truecount="1" falsecount="1"/>
        <line num="53" count="24" type="stmt"/>
        <line num="54" count="38" type="cond" truecount="2" falsecount="0"/>
        <line num="56" count="38" type="stmt"/>
        <line num="58" count="24" type="stmt"/>
        <line num="59" count="24" type="cond" truecount="1" falsecount="1"/>
        <line num="60" count="24" type="stmt"/>
        <line num="61" count="24" type="stmt"/>
        <line num="65" count="31" type="stmt"/>
        <line num="81" count="11" type="stmt"/>
        <line num="82" count="11" type="stmt"/>
        <line num="83" count="11" type="cond" truecount="1" falsecount="1"/>
        <line num="84" count="11" type="cond" truecount="2" falsecount="0"/>
        <line num="86" count="11" type="cond" truecount="2" falsecount="0"/>
        <line num="87" count="7" type="cond" truecount="2" falsecount="0"/>
        <line num="90" count="11" type="cond" truecount="1" falsecount="1"/>
        <line num="92" count="11" type="stmt"/>
        <line num="95" count="1" type="stmt"/>
        <line num="96" count="1" type="stmt"/>
        <line num="123" count="21" type="stmt"/>
        <line num="124" count="21" type="stmt"/>
        <line num="126" count="21" type="stmt"/>
        <line num="127" count="18" type="stmt"/>
        <line num="130" count="21" type="stmt"/>
        <line num="131" count="21" type="cond" truecount="2" falsecount="0"/>
        <line num="133" count="21" type="stmt"/>
        <line num="134" count="3" type="stmt"/>
        <line num="135" count="3" type="stmt"/>
        <line num="136" count="3" type="cond" truecount="2" falsecount="0"/>
        <line num="137" count="1" type="stmt"/>
        <line num="139" count="2" type="stmt"/>
        <line num="141" count="3" type="stmt"/>
        <line num="145" count="21" type="stmt"/>
        <line num="147" count="21" type="cond" truecount="4" falsecount="0"/>
        <line num="148" count="1" type="stmt"/>
        <line num="157" count="20" type="stmt"/>
        <line num="161" count="2" type="stmt"/>
        <line num="167" count="31" type="stmt"/>
        <line num="168" count="31" type="cond" truecount="2" falsecount="0"/>
        <line num="169" count="31" type="stmt"/>
        <line num="172" count="31" type="cond" truecount="3" falsecount="0"/>
        <line num="173" count="31" type="stmt"/>
        <line num="174" count="31" type="stmt"/>
        <line num="176" count="31" type="stmt"/>
        <line num="179" count="31" type="stmt"/>
        <line num="185" count="31" type="cond" truecount="2" falsecount="0"/>
        <line num="187" count="9" type="cond" truecount="1" falsecount="1"/>
        <line num="188" count="9" type="stmt"/>
        <line num="194" count="3" type="stmt"/>
        <line num="198" count="9" type="cond" truecount="2" falsecount="0"/>
        <line num="200" count="2" type="stmt"/>
        <line num="201" count="4" type="stmt"/>
        <line num="209" count="7" type="cond" truecount="1" falsecount="1"/>
        <line num="210" count="7" type="stmt"/>
        <line num="213" count="11" type="cond" truecount="2" falsecount="0"/>
        <line num="216" count="7" type="stmt"/>
        <line num="225" count="22" type="stmt"/>
        <line num="226" count="9" type="stmt"/>
        <line num="234" count="31" type="stmt"/>
      </file>
      <file name="ThinkingSpinner.tsx" path="/Users/tyler/Code/workspaces/fury/kingston/src/components/chat/ThinkingSpinner.tsx">
        <metrics statements="11" coveredstatements="11" conditionals="2" coveredconditionals="2" methods="6" coveredmethods="6"/>
        <line num="4" count="6" type="stmt"/>
        <line num="5" count="6" type="cond" truecount="2" falsecount="0"/>
        <line num="6" count="1" type="stmt"/>
        <line num="10" count="6" type="stmt"/>
        <line num="11" count="6" type="stmt"/>
        <line num="13" count="6" type="stmt"/>
        <line num="14" count="4" type="stmt"/>
        <line num="15" count="2" type="stmt"/>
        <line num="17" count="4" type="stmt"/>
        <line num="20" count="6" type="stmt"/>
        <line num="24" count="54" type="stmt"/>
      </file>
    </package>
    <package name="src.components.diff">
      <metrics statements="40" coveredstatements="40" conditionals="68" coveredconditionals="68" methods="16" coveredmethods="16"/>
      <file name="DiffPanel.tsx" path="/Users/tyler/Code/workspaces/fury/kingston/src/components/diff/DiffPanel.tsx">
        <metrics statements="8" coveredstatements="8" conditionals="12" coveredconditionals="12" methods="3" coveredmethods="3"/>
        <line num="10" count="4" type="stmt"/>
        <line num="11" count="12" type="cond" truecount="2" falsecount="0"/>
        <line num="13" count="4" type="cond" truecount="2" falsecount="0"/>
        <line num="16" count="4" type="stmt"/>
        <line num="17" count="12" type="cond" truecount="4" falsecount="0"/>
        <line num="20" count="4" type="cond" truecount="4" falsecount="0"/>
        <line num="21" count="2" type="stmt"/>
        <line num="31" count="2" type="stmt"/>
      </file>
      <file name="DiffViewer.tsx" path="/Users/tyler/Code/workspaces/fury/kingston/src/components/diff/DiffViewer.tsx">
        <metrics statements="32" coveredstatements="32" conditionals="56" coveredconditionals="56" methods="13" coveredmethods="13"/>
        <line num="13" count="16" type="cond" truecount="2" falsecount="0"/>
        <line num="14" count="14" type="cond" truecount="2" falsecount="0"/>
        <line num="15" count="4" type="cond" truecount="2" falsecount="0"/>
        <line num="16" count="3" type="cond" truecount="2" falsecount="0"/>
        <line num="17" count="2" type="cond" truecount="4" falsecount="0"/>
        <line num="18" count="1" type="stmt"/>
        <line num="22" count="16" type="cond" truecount="4" falsecount="0"/>
        <line num="23" count="13" type="cond" truecount="2" falsecount="0"/>
        <line num="24" count="12" type="cond" truecount="2" falsecount="0"/>
        <line num="25" count="2" type="cond" truecount="4" falsecount="0"/>
        <line num="26" count="1" type="stmt"/>
        <line num="30" count="17" type="stmt"/>
        <line num="31" count="51" type="cond" truecount="2" falsecount="0"/>
        <line num="33" count="17" type="stmt"/>
        <line num="34" count="51" type="cond" truecount="2" falsecount="0"/>
        <line num="36" count="17" type="cond" truecount="2" falsecount="0"/>
        <line num="39" count="17" type="stmt"/>
        <line num="40" count="51" type="cond" truecount="4" falsecount="0"/>
        <line num="42" count="51" type="cond" truecount="2" falsecount="0"/>
        <line num="43" count="17" type="stmt"/>
        <line num="44" count="51" type="cond" truecount="2" falsecount="0"/>
        <line num="47" count="17" type="stmt"/>
        <line num="48" count="17" type="stmt"/>
        <line num="52" count="17" type="stmt"/>
        <line num="59" count="17" type="cond" truecount="4" falsecount="0"/>
        <line num="60" count="1" type="stmt"/>
        <line num="69" count="16" type="cond" truecount="4" falsecount="0"/>
        <line num="70" count="4" type="stmt"/>
        <line num="79" count="12" type="stmt"/>
        <line num="101" count="1" type="stmt"/>
        <line num="123" count="16" type="stmt"/>
        <line num="125" count="1" type="stmt"/>
      </file>
    </package>
    <package name="src.components.file-viewer">
      <metrics statements="49" coveredstatements="49" conditionals="44" coveredconditionals="44" methods="28" coveredmethods="28"/>
      <file name="FileTabBar.tsx" path="/Users/tyler/Code/workspaces/fury/kingston/src/components/file-viewer/FileTabBar.tsx">
        <metrics statements="36" coveredstatements="36" conditionals="32" coveredconditionals="32" methods="24" coveredmethods="24"/>
        <line num="5" count="1" type="stmt"/>
        <line num="13" count="72" type="stmt"/>
        <line num="14" count="72" type="stmt"/>
        <line num="15" count="72" type="stmt"/>
        <line num="16" count="72" type="stmt"/>
        <line num="17" count="72" type="stmt"/>
        <line num="18" count="72" type="stmt"/>
        <line num="20" count="72" type="stmt"/>
        <line num="21" count="72" type="stmt"/>
        <line num="22" count="72" type="stmt"/>
        <line num="23" count="72" type="stmt"/>
        <line num="24" count="72" type="stmt"/>
        <line num="26" count="26" type="cond" truecount="2" falsecount="0"/>
        <line num="27" count="24" type="cond" truecount="2" falsecount="0"/>
        <line num="28" count="34" type="cond" truecount="2" falsecount="0"/>
        <line num="30" count="24" type="stmt"/>
        <line num="31" count="1" type="stmt"/>
        <line num="32" count="1" type="stmt"/>
        <line num="35" count="24" type="stmt"/>
        <line num="36" count="1" type="stmt"/>
        <line num="37" count="1" type="stmt"/>
        <line num="40" count="24" type="stmt"/>
        <line num="64" count="11" type="cond" truecount="2" falsecount="0"/>
        <line num="65" count="11" type="stmt"/>
        <line num="66" count="11" type="stmt"/>
        <line num="86" count="1" type="stmt"/>
        <line num="87" count="1" type="stmt"/>
        <line num="102" count="1" type="stmt"/>
        <line num="103" count="1" type="stmt"/>
        <line num="120" count="9" type="stmt"/>
        <line num="121" count="9" type="stmt"/>
        <line num="122" count="9" type="stmt"/>
        <line num="136" count="1" type="stmt"/>
        <line num="137" count="1" type="stmt"/>
        <line num="145" count="1" type="stmt"/>
        <line num="146" count="1" type="stmt"/>
      </file>
      <file name="FileViewerPanel.tsx" path="/Users/tyler/Code/workspaces/fury/kingston/src/components/file-viewer/FileViewerPanel.tsx">
        <metrics statements="13" coveredstatements="13" conditionals="12" coveredconditionals="12" methods="4" coveredmethods="4"/>
        <line num="16" count="33" type="stmt"/>
        <line num="18" count="11" type="stmt"/>
        <line num="20" count="2" type="cond" truecount="2" falsecount="0"/>
        <line num="21" count="1" type="stmt"/>
        <line num="22" count="1" type="stmt"/>
        <line num="28" count="11" type="stmt"/>
        <line num="29" count="9" type="cond" truecount="3" falsecount="0"/>
        <line num="30" count="9" type="stmt"/>
        <line num="33" count="11" type="cond" truecount="2" falsecount="0"/>
        <line num="34" count="1" type="stmt"/>
        <line num="44" count="10" type="cond" truecount="2" falsecount="0"/>
        <line num="45" count="1" type="stmt"/>
        <line num="52" count="9" type="stmt"/>
      </file>
    </package>
    <package name="src.components.history">
      <metrics statements="63" coveredstatements="63" conditionals="82" coveredconditionals="82" methods="21" coveredmethods="21"/>
      <file name="HistoryView.tsx" path="/Users/tyler/Code/workspaces/fury/kingston/src/components/history/HistoryView.tsx">
        <metrics statements="63" coveredstatements="63" conditionals="82" coveredconditionals="82" methods="21" coveredmethods="21"/>
        <line num="19" count="1" type="stmt"/>
        <line num="20" count="1" type="stmt"/>
        <line num="21" count="1" type="stmt"/>
        <line num="51" count="44" type="stmt"/>
        <line num="52" count="44" type="stmt"/>
        <line num="53" count="44" type="cond" truecount="2" falsecount="0"/>
        <line num="54" count="40" type="stmt"/>
        <line num="55" count="40" type="cond" truecount="2" falsecount="0"/>
        <line num="56" count="15" type="stmt"/>
        <line num="57" count="15" type="cond" truecount="2" falsecount="0"/>
        <line num="58" count="2" type="stmt"/>
        <line num="59" count="2" type="cond" truecount="2" falsecount="0"/>
        <line num="60" count="1" type="stmt"/>
        <line num="64" count="120" type="stmt"/>
        <line num="65" count="40" type="stmt"/>
        <line num="66" count="120" type="cond" truecount="4" falsecount="0"/>
        <line num="68" count="40" type="stmt"/>
        <line num="69" count="120" type="cond" truecount="4" falsecount="0"/>
        <line num="71" count="40" type="stmt"/>
        <line num="72" count="120" type="cond" truecount="4" falsecount="0"/>
        <line num="74" count="40" type="stmt"/>
        <line num="75" count="120" type="cond" truecount="4" falsecount="0"/>
        <line num="77" count="40" type="stmt"/>
        <line num="78" count="120" type="cond" truecount="4" falsecount="0"/>
        <line num="81" count="40" type="stmt"/>
        <line num="82" count="40" type="cond" truecount="2" falsecount="0"/>
        <line num="83" count="39" type="stmt"/>
        <line num="84" count="39" type="stmt"/>
        <line num="87" count="40" type="stmt"/>
        <line num="88" count="40" type="stmt"/>
        <line num="91" count="40" type="stmt"/>
        <line num="92" count="16" type="stmt"/>
        <line num="100" count="40" type="stmt"/>
        <line num="101" count="13" type="cond" truecount="2" falsecount="0"/>
        <line num="102" count="18" type="stmt"/>
        <line num="103" count="18" type="stmt"/>
        <line num="108" count="12" type="stmt"/>
        <line num="121" count="40" type="stmt"/>
        <line num="122" count="10" type="stmt"/>
        <line num="134" count="40" type="stmt"/>
        <line num="135" count="40" type="stmt"/>
        <line num="138" count="40" type="cond" truecount="2" falsecount="0"/>
        <line num="139" count="1" type="stmt"/>
        <line num="155" count="39" type="stmt"/>
        <line num="171" count="1" type="stmt"/>
        <line num="209" count="38" type="stmt"/>
        <line num="243" count="38" type="cond" truecount="2" falsecount="0"/>
        <line num="251" count="38" type="stmt"/>
        <line num="295" count="16" type="stmt"/>
        <line num="337" count="12" type="stmt"/>
        <line num="338" count="12" type="stmt"/>
        <line num="399" count="16" type="stmt"/>
        <line num="400" count="16" type="stmt"/>
        <line num="401" count="48" type="cond" truecount="2" falsecount="0"/>
        <line num="403" count="16" type="stmt"/>
        <line num="405" count="16" type="stmt"/>
        <line num="406" count="4" type="cond" truecount="4" falsecount="0"/>
        <line num="407" count="3" type="stmt"/>
        <line num="408" count="3" type="stmt"/>
        <line num="409" count="3" type="stmt"/>
        <line num="412" count="2" type="stmt"/>
        <line num="416" count="3" type="stmt"/>
        <line num="420" count="16" type="stmt"/>
      </file>
    </package>
    <package name="src.components.icons">
      <metrics statements="37" coveredstatements="37" conditionals="4" coveredconditionals="4" methods="30" coveredmethods="30"/>
      <file name="FileIcons.tsx" path="/Users/tyler/Code/workspaces/fury/kingston/src/components/icons/FileIcons.tsx">
        <metrics statements="37" coveredstatements="37" conditionals="4" coveredconditionals="4" methods="30" coveredmethods="30"/>
        <line num="3" count="1" type="stmt"/>
        <line num="12" count="1" type="stmt"/>
        <line num="25" count="1" type="stmt"/>
        <line num="46" count="1" type="stmt"/>
        <line num="65" count="1" type="stmt"/>
        <line num="84" count="1" type="stmt"/>
        <line num="103" count="1" type="stmt"/>
        <line num="112" count="1" type="stmt"/>
        <line num="131" count="1" type="stmt"/>
        <line num="150" count="1" type="stmt"/>
        <line num="168" count="1" type="stmt"/>
        <line num="177" count="1" type="stmt"/>
        <line num="188" count="1" type="stmt"/>
        <line num="199" count="1" type="stmt"/>
        <line num="217" count="1" type="stmt"/>
        <line num="227" count="1" type="stmt"/>
        <line num="246" count="1" type="stmt"/>
        <line num="265" count="1" type="stmt"/>
        <line num="284" count="1" type="stmt"/>
        <line num="303" count="1" type="stmt"/>
        <line num="322" count="1" type="stmt"/>
        <line num="332" count="1" type="stmt"/>
        <line num="342" count="1" type="stmt"/>
        <line num="352" count="1" type="stmt"/>
        <line num="366" count="1" type="stmt"/>
        <line num="377" count="1" type="stmt"/>
        <line num="396" count="1" type="stmt"/>
        <line num="414" count="1" type="stmt"/>
        <line num="427" count="1" type="stmt"/>
        <line num="439" count="1" type="stmt"/>
        <line num="451" count="1" type="stmt"/>
        <line num="492" count="1" type="stmt"/>
        <line num="514" count="59" type="stmt"/>
        <line num="516" count="59" type="cond" truecount="2" falsecount="0"/>
        <line num="518" count="41" type="stmt"/>
        <line num="519" count="41" type="cond" truecount="2" falsecount="0"/>
        <line num="521" count="2" type="stmt"/>
      </file>
    </package>
    <package name="src.components.landing">
      <metrics statements="142" coveredstatements="142" conditionals="89" coveredconditionals="89" methods="45" coveredmethods="45"/>
      <file name="CloneRepoDialog.tsx" path="/Users/tyler/Code/workspaces/fury/kingston/src/components/landing/CloneRepoDialog.tsx">
        <metrics statements="31" coveredstatements="31" conditionals="16" coveredconditionals="16" methods="7" coveredmethods="7"/>
        <line num="12" count="43" type="stmt"/>
        <line num="13" count="43" type="stmt"/>
        <line num="14" count="43" type="cond" truecount="2" falsecount="0"/>
        <line num="18" count="43" type="stmt"/>
        <line num="20" count="43" type="stmt"/>
        <line num="21" count="43" type="stmt"/>
        <line num="22" count="43" type="stmt"/>
        <line num="23" count="43" type="stmt"/>
        <line num="25" count="43" type="stmt"/>
        <line num="27" count="43" type="stmt"/>
        <line num="28" count="2" type="stmt"/>
        <line num="33" count="2" type="cond" truecount="2" falsecount="0"/>
        <line num="34" count="1" type="stmt"/>
        <line num="38" count="43" type="stmt"/>
        <line num="39" count="6" type="cond" truecount="2" falsecount="0"/>
        <line num="41" count="5" type="stmt"/>
        <line num="42" count="5" type="stmt"/>
        <line num="44" count="5" type="stmt"/>
        <line num="45" count="5" type="stmt"/>
        <line num="46" count="5" type="cond" truecount="2" falsecount="0"/>
        <line num="47" count="1" type="stmt"/>
        <line num="48" count="1" type="stmt"/>
        <line num="51" count="5" type="stmt"/>
        <line num="52" count="3" type="stmt"/>
        <line num="54" count="2" type="stmt"/>
        <line num="56" count="5" type="stmt"/>
        <line num="60" count="43" type="stmt"/>
        <line num="67" count="43" type="stmt"/>
        <line num="71" count="11" type="cond" truecount="2" falsecount="0"/>
        <line num="124" count="7" type="stmt"/>
        <line num="144" count="5" type="stmt"/>
      </file>
      <file name="LandingPage.tsx" path="/Users/tyler/Code/workspaces/fury/kingston/src/components/landing/LandingPage.tsx">
        <metrics statements="81" coveredstatements="81" conditionals="55" coveredconditionals="55" methods="29" coveredmethods="29"/>
        <line num="27" count="51" type="stmt"/>
        <line num="28" count="51" type="stmt"/>
        <line num="29" count="51" type="stmt"/>
        <line num="30" count="51" type="stmt"/>
        <line num="32" count="51" type="stmt"/>
        <line num="50" count="2" type="stmt"/>
        <line num="51" count="2" type="stmt"/>
        <line num="64" count="1" type="stmt"/>
        <line num="67" count="1" type="stmt"/>
        <line num="74" count="51" type="stmt"/>
        <line num="109" count="53" type="stmt"/>
        <line num="111" count="53" type="stmt"/>
        <line num="112" count="4" type="stmt"/>
        <line num="113" count="4" type="stmt"/>
        <line num="114" count="4" type="stmt"/>
        <line num="119" count="3" type="cond" truecount="2" falsecount="0"/>
        <line num="120" count="2" type="stmt"/>
        <line num="122" count="2" type="stmt"/>
        <line num="123" count="1" type="stmt"/>
        <line num="125" count="2" type="cond" truecount="2" falsecount="0"/>
        <line num="126" count="1" type="stmt"/>
        <line num="127" count="1" type="stmt"/>
        <line num="129" count="1" type="stmt"/>
        <line num="130" count="1" type="stmt"/>
        <line num="133" count="1" type="stmt"/>
        <line num="137" count="53" type="stmt"/>
        <line num="191" count="156" type="stmt"/>
        <line num="228" count="17" type="stmt"/>
        <line num="229" count="17" type="stmt"/>
        <line num="230" count="17" type="stmt"/>
        <line num="231" count="17" type="stmt"/>
        <line num="232" count="17" type="cond" truecount="2" falsecount="0"/>
        <line num="233" count="16" type="cond" truecount="2" falsecount="0"/>
        <line num="234" count="15" type="stmt"/>
        <line num="235" count="15" type="cond" truecount="2" falsecount="0"/>
        <line num="236" count="10" type="stmt"/>
        <line num="237" count="10" type="cond" truecount="2" falsecount="0"/>
        <line num="238" count="9" type="stmt"/>
        <line num="239" count="9" type="cond" truecount="2" falsecount="0"/>
        <line num="240" count="8" type="stmt"/>
        <line num="241" count="8" type="stmt"/>
        <line num="245" count="59" type="stmt"/>
        <line num="246" count="59" type="stmt"/>
        <line num="247" count="59" type="stmt"/>
        <line num="249" count="59" type="stmt"/>
        <line num="250" count="59" type="cond" truecount="2" falsecount="0"/>
        <line num="251" count="32" type="stmt"/>
        <line num="252" count="32" type="stmt"/>
        <line num="254" count="53" type="cond" truecount="2" falsecount="0"/>
        <line num="259" count="59" type="stmt"/>
        <line num="279" count="32" type="stmt"/>
        <line num="288" count="63" type="stmt"/>
        <line num="289" count="22" type="stmt"/>
        <line num="291" count="63" type="cond" truecount="2" falsecount="0"/>
        <line num="292" count="5" type="cond" truecount="2" falsecount="0"/>
        <line num="297" count="63" type="stmt"/>
        <line num="307" count="1" type="stmt"/>
        <line num="352" count="22" type="stmt"/>
        <line num="355" count="1" type="stmt"/>
        <line num="380" count="66" type="stmt"/>
        <line num="381" count="22" type="stmt"/>
        <line num="383" count="22" type="stmt"/>
        <line num="405" count="27" type="stmt"/>
        <line num="412" count="27" type="stmt"/>
        <line num="422" count="108" type="stmt"/>
        <line num="454" count="24" type="stmt"/>
        <line num="455" count="4" type="stmt"/>
        <line num="460" count="4" type="cond" truecount="2" falsecount="0"/>
        <line num="461" count="3" type="stmt"/>
        <line num="462" count="3" type="stmt"/>
        <line num="463" count="1" type="stmt"/>
        <line num="465" count="3" type="cond" truecount="2" falsecount="0"/>
        <line num="466" count="1" type="stmt"/>
        <line num="467" count="1" type="stmt"/>
        <line num="469" count="2" type="stmt"/>
        <line num="470" count="2" type="stmt"/>
        <line num="471" count="1" type="stmt"/>
        <line num="473" count="1" type="stmt"/>
        <line num="478" count="24" type="stmt"/>
        <line num="501" count="24" type="stmt"/>
        <line num="511" count="72" type="stmt"/>
      </file>
      <file name="NewProjectDialog.tsx" path="/Users/tyler/Code/workspaces/fury/kingston/src/components/landing/NewProjectDialog.tsx">
        <metrics statements="30" coveredstatements="30" conditionals="18" coveredconditionals="18" methods="9" coveredmethods="9"/>
        <line num="13" count="48" type="stmt"/>
        <line num="23" count="48" type="stmt"/>
        <line num="24" count="48" type="stmt"/>
        <line num="26" count="48" type="stmt"/>
        <line num="27" count="48" type="stmt"/>
        <line num="28" count="48" type="stmt"/>
        <line num="29" count="48" type="stmt"/>
        <line num="31" count="48" type="stmt"/>
        <line num="32" count="23" type="stmt"/>
        <line num="35" count="48" type="stmt"/>
        <line num="36" count="48" type="cond" truecount="2" falsecount="0"/>
        <line num="38" count="48" type="stmt"/>
        <line num="39" count="2" type="stmt"/>
        <line num="44" count="2" type="cond" truecount="2" falsecount="0"/>
        <line num="45" count="1" type="stmt"/>
        <line num="49" count="48" type="stmt"/>
        <line num="50" count="5" type="cond" truecount="4" falsecount="0"/>
        <line num="52" count="4" type="stmt"/>
        <line num="53" count="4" type="stmt"/>
        <line num="55" count="4" type="stmt"/>
        <line num="56" count="4" type="stmt"/>
        <line num="57" count="2" type="stmt"/>
        <line num="58" count="2" type="stmt"/>
        <line num="60" count="2" type="stmt"/>
        <line num="62" count="4" type="stmt"/>
        <line num="66" count="48" type="stmt"/>
        <line num="73" count="48" type="stmt"/>
        <line num="77" count="11" type="cond" truecount="2" falsecount="0"/>
        <line num="127" count="8" type="stmt"/>
        <line num="147" count="1" type="stmt"/>
      </file>
    </package>
    <package name="src.components.layout">
      <metrics statements="161" coveredstatements="161" conditionals="195" coveredconditionals="192" methods="69" coveredmethods="69"/>
      <file name="RightSidebar.tsx" path="/Users/tyler/Code/workspaces/fury/kingston/src/components/layout/RightSidebar.tsx">
        <metrics statements="53" coveredstatements="53" conditionals="76" coveredconditionals="75" methods="23" coveredmethods="23"/>
        <line num="31" count="1" type="stmt"/>
        <line num="37" count="1" type="stmt"/>
        <line num="42" count="1" type="stmt"/>
        <line num="49" count="216" type="cond" truecount="2" falsecount="0"/>
        <line num="50" count="216" type="cond" truecount="2" falsecount="0"/>
        <line num="51" count="216" type="cond" truecount="2" falsecount="0"/>
        <line num="53" count="59" type="stmt"/>
        <line num="54" count="39" type="stmt"/>
        <line num="57" count="59" type="stmt"/>
        <line num="58" count="1" type="cond" truecount="1" falsecount="1"/>
        <line num="59" count="1" type="stmt"/>
        <line num="63" count="59" type="cond" truecount="2" falsecount="0"/>
        <line num="64" count="59" type="cond" truecount="2" falsecount="0"/>
        <line num="66" count="59" type="stmt"/>
        <line num="106" count="189" type="stmt"/>
        <line num="107" count="189" type="stmt"/>
        <line num="108" count="189" type="stmt"/>
        <line num="109" count="189" type="stmt"/>
        <line num="110" count="59" type="stmt"/>
        <line num="111" count="255" type="cond" truecount="2" falsecount="0"/>
        <line num="114" count="59" type="cond" truecount="2" falsecount="0"/>
        <line num="117" count="59" type="stmt"/>
        <line num="118" count="44" type="cond" truecount="4" falsecount="0"/>
        <line num="119" count="2" type="stmt"/>
        <line num="124" count="59" type="stmt"/>
        <line num="125" count="39" type="stmt"/>
        <line num="126" count="39" type="cond" truecount="2" falsecount="0"/>
        <line num="127" count="34" type="stmt"/>
        <line num="129" count="5" type="stmt"/>
        <line num="133" count="59" type="stmt"/>
        <line num="134" count="59" type="stmt"/>
        <line num="136" count="59" type="stmt"/>
        <line num="138" count="2" type="stmt"/>
        <line num="141" count="2" type="stmt"/>
        <line num="146" count="59" type="stmt"/>
        <line num="148" count="2" type="stmt"/>
        <line num="151" count="2" type="stmt"/>
        <line num="156" count="59" type="stmt"/>
        <line num="157" count="3" type="stmt"/>
        <line num="158" count="3" type="cond" truecount="2" falsecount="0"/>
        <line num="159" count="2" type="cond" truecount="2" falsecount="0"/>
        <line num="160" count="1" type="stmt"/>
        <line num="162" count="1" type="stmt"/>
        <line num="166" count="59" type="stmt"/>
        <line num="186" count="170" type="stmt"/>
        <line num="188" count="170" type="cond" truecount="4" falsecount="0"/>
        <line num="191" count="170" type="stmt"/>
        <line num="194" count="3" type="stmt"/>
        <line num="250" count="6" type="stmt"/>
        <line num="251" count="1" type="stmt"/>
        <line num="277" count="177" type="stmt"/>
        <line num="280" count="7" type="stmt"/>
        <line num="281" count="7" type="cond" truecount="2" falsecount="0"/>
      </file>
      <file name="Sidebar.tsx" path="/Users/tyler/Code/workspaces/fury/kingston/src/components/layout/Sidebar.tsx">
        <metrics statements="101" coveredstatements="101" conditionals="99" coveredconditionals="97" methods="43" coveredmethods="43"/>
        <line num="26" count="90" type="stmt"/>
        <line num="27" count="90" type="stmt"/>
        <line num="28" count="90" type="stmt"/>
        <line num="29" count="90" type="stmt"/>
        <line num="30" count="90" type="cond" truecount="2" falsecount="0"/>
        <line num="31" count="6" type="cond" truecount="2" falsecount="0"/>
        <line num="32" count="4" type="stmt"/>
        <line num="33" count="4" type="cond" truecount="2" falsecount="0"/>
        <line num="34" count="2" type="stmt"/>
        <line num="35" count="2" type="stmt"/>
        <line num="39" count="203" type="stmt"/>
        <line num="53" count="203" type="stmt"/>
        <line num="54" count="203" type="stmt"/>
        <line num="55" count="203" type="stmt"/>
        <line num="56" count="203" type="stmt"/>
        <line num="57" count="203" type="stmt"/>
        <line num="62" count="203" type="stmt"/>
        <line num="63" count="203" type="stmt"/>
        <line num="65" count="203" type="stmt"/>
        <line num="66" count="60" type="stmt"/>
        <line num="67" count="60" type="stmt"/>
        <line num="70" count="203" type="stmt"/>
        <line num="71" count="66" type="cond" truecount="2" falsecount="0"/>
        <line num="72" count="5" type="stmt"/>
        <line num="76" count="203" type="stmt"/>
        <line num="77" count="4" type="stmt"/>
        <line num="78" count="4" type="stmt"/>
        <line num="79" count="4" type="cond" truecount="2" falsecount="0"/>
        <line num="80" count="1" type="stmt"/>
[...]
        <line num="209" count="9" type="stmt"/>
        <line num="210" count="1" type="stmt"/>
        <line num="212" count="9" type="cond" truecount="5" falsecount="0"/>
        <line num="213" count="1" type="stmt"/>
        <line num="216" count="1" type="stmt"/>
        <line num="217" count="1" type="stmt"/>
        <line num="224" count="4" type="stmt"/>
        <line num="225" count="4" type="stmt"/>
        <line num="229" count="4" type="stmt"/>
        <line num="230" count="4" type="stmt"/>
        <line num="231" count="2" type="stmt"/>
        <line num="235" count="2" type="stmt"/>
        <line num="236" count="2" type="stmt"/>
        <line num="238" count="2" type="stmt"/>
        <line num="242" count="2" type="stmt"/>
        <line num="247" count="4" type="stmt"/>
        <line num="251" count="4" type="stmt"/>
        <line num="252" count="4" type="stmt"/>
        <line num="253" count="3" type="stmt"/>
        <line num="256" count="3" type="stmt"/>
        <line num="258" count="1" type="stmt"/>
        <line num="262" count="1" type="stmt"/>
        <line num="267" count="1" type="stmt"/>
        <line num="271" count="7" type="cond" truecount="2" falsecount="0"/>
        <line num="272" count="7" type="cond" truecount="2" falsecount="0"/>
        <line num="274" count="7" type="cond" truecount="4" falsecount="0"/>
        <line num="275" count="1" type="stmt"/>
        <line num="279" count="6" type="stmt"/>
        <line num="281" count="6" type="cond" truecount="2" falsecount="0"/>
        <line num="282" count="3" type="stmt"/>
        <line num="283" count="3" type="stmt"/>
        <line num="284" count="3" type="cond" truecount="2" falsecount="0"/>
        <line num="285" count="2" type="stmt"/>
        <line num="287" count="1" type="stmt"/>
        <line num="290" count="3" type="stmt"/>
        <line num="293" count="6" type="cond" truecount="2" falsecount="0"/>
        <line num="294" count="3" type="stmt"/>
        <line num="295" count="3" type="stmt"/>
        <line num="296" count="3" type="cond" truecount="2" falsecount="0"/>
        <line num="301" count="3" type="stmt"/>
        <line num="303" count="3" type="stmt"/>
        <line num="306" count="6" type="stmt"/>
        <line num="307" count="6" type="stmt"/>
        <line num="311" count="6" type="stmt"/>
        <line num="315" count="6" type="stmt"/>
        <line num="316" count="6" type="stmt"/>
        <line num="317" count="5" type="stmt"/>
        <line num="321" count="5" type="stmt"/>
        <line num="322" count="5" type="stmt"/>
        <line num="324" count="1" type="stmt"/>
        <line num="328" count="1" type="stmt"/>
        <line num="334" count="26" type="cond" truecount="2" falsecount="0"/>
        <line num="336" count="25" type="stmt"/>
        <line num="337" count="1" type="stmt"/>
        <line num="340" count="25" type="stmt"/>
        <line num="346" count="189" type="stmt"/>
        <line num="347" count="189" type="cond" truecount="2" falsecount="0"/>
        <line num="348" count="25" type="stmt"/>
        <line num="349" count="25" type="stmt"/>
        <line num="350" count="25" type="stmt"/>
        <line num="351" count="25" type="stmt"/>
        <line num="357" count="2" type="cond" truecount="2" falsecount="0"/>
        <line num="361" count="2" type="cond" truecount="2" falsecount="0"/>
        <line num="365" count="2" type="cond" truecount="2" falsecount="0"/>
        <line num="369" count="2" type="cond" truecount="2" falsecount="0"/>
        <line num="373" count="2" type="cond" truecount="2" falsecount="0"/>
      </file>
      <file name="repositoryStore.ts" path="/Users/tyler/Code/workspaces/fury/kingston/src/stores/repositoryStore.ts">
        <metrics statements="31" coveredstatements="31" conditionals="0" coveredconditionals="0" methods="7" coveredmethods="7"/>
        <line num="23" count="9" type="stmt"/>
        <line num="29" count="107" type="stmt"/>
        <line num="30" count="107" type="stmt"/>
        <line num="31" count="107" type="stmt"/>
        <line num="32" count="106" type="stmt"/>
        <line num="34" count="1" type="stmt"/>
        <line num="39" count="2" type="stmt"/>
        <line num="40" count="2" type="stmt"/>
        <line num="41" count="2" type="stmt"/>
        <line num="42" count="1" type="stmt"/>
        <line num="43" count="1" type="stmt"/>
        <line num="45" count="1" type="stmt"/>
        <line num="46" count="1" type="stmt"/>
        <line num="51" count="2" type="stmt"/>
        <line num="52" count="2" type="stmt"/>
        <line num="53" count="2" type="stmt"/>
        <line num="54" count="1" type="stmt"/>
        <line num="55" count="1" type="stmt"/>
        <line num="57" count="1" type="stmt"/>
        <line num="58" count="1" type="stmt"/>
        <line num="63" count="2" type="stmt"/>
        <line num="64" count="2" type="stmt"/>
        <line num="65" count="2" type="stmt"/>
        <line num="66" count="1" type="stmt"/>
        <line num="67" count="1" type="stmt"/>
        <line num="69" count="1" type="stmt"/>
        <line num="70" count="1" type="stmt"/>
        <line num="75" count="2" type="stmt"/>
        <line num="76" count="2" type="stmt"/>
        <line num="77" count="2" type="stmt"/>
        <line num="79" count="1" type="stmt"/>
      </file>
      <file name="scriptStore.ts" path="/Users/tyler/Code/workspaces/fury/kingston/src/stores/scriptStore.ts">
        <metrics statements="37" coveredstatements="37" conditionals="16" coveredconditionals="16" methods="23" coveredmethods="23"/>
        <line num="31" count="18" type="stmt"/>
        <line num="34" count="3" type="stmt"/>
        <line num="41" count="7" type="stmt"/>
        <line num="42" count="7" type="cond" truecount="2" falsecount="0"/>
        <line num="44" count="6" type="stmt"/>
        <line num="48" count="2" type="cond" truecount="2" falsecount="0"/>
        <line num="49" count="2" type="stmt"/>
        <line num="58" count="6" type="stmt"/>
        <line num="61" count="1" type="stmt"/>
        <line num="68" count="6" type="stmt"/>
        <line num="77" count="2" type="stmt"/>
        <line num="78" count="2" type="stmt"/>
        <line num="79" count="2" type="cond" truecount="2" falsecount="0"/>
        <line num="80" count="2" type="stmt"/>
        <line num="81" count="1" type="stmt"/>
        <line num="82" count="1" type="stmt"/>
        <line num="83" count="1" type="stmt"/>
        <line num="89" count="3" type="stmt"/>
        <line num="90" count="3" type="stmt"/>
        <line num="95" count="3" type="stmt"/>
        <line num="96" count="3" type="stmt"/>
        <line num="98" count="2" type="stmt"/>
        <line num="109" count="2" type="stmt"/>
        <line num="110" count="2" type="stmt"/>
        <line num="112" count="1" type="stmt"/>
        <line num="117" count="3" type="stmt"/>
        <line num="118" count="3" type="stmt"/>
        <line num="123" count="3" type="stmt"/>
        <line num="124" count="3" type="stmt"/>
        <line num="126" count="2" type="stmt"/>
        <line num="137" count="2" type="stmt"/>
        <line num="138" count="2" type="stmt"/>
        <line num="140" count="1" type="stmt"/>
        <line num="145" count="1" type="stmt"/>
        <line num="146" count="1" type="stmt"/>
        <line num="153" count="1" type="cond" truecount="2" falsecount="0"/>
        <line num="157" count="1" type="cond" truecount="2" falsecount="0"/>
      </file>
      <file name="settingsStore.ts" path="/Users/tyler/Code/workspaces/fury/kingston/src/stores/settingsStore.ts">
        <metrics statements="41" coveredstatements="41" conditionals="0" coveredconditionals="0" methods="8" coveredmethods="8"/>
        <line num="33" count="3" type="stmt"/>
        <line num="41" count="5" type="stmt"/>
        <line num="42" count="5" type="stmt"/>
        <line num="43" count="5" type="stmt"/>
        <line num="44" count="4" type="stmt"/>
        <line num="46" count="1" type="stmt"/>
        <line num="51" count="2" type="stmt"/>
        <line num="52" count="2" type="stmt"/>
        <line num="53" count="2" type="stmt"/>
        <line num="54" count="1" type="stmt"/>
        <line num="56" count="1" type="stmt"/>
        <line num="57" count="1" type="stmt"/>
        <line num="62" count="6" type="stmt"/>
        <line num="63" count="6" type="stmt"/>
        <line num="64" count="6" type="stmt"/>
        <line num="65" count="5" type="stmt"/>
        <line num="67" count="1" type="stmt"/>
        <line num="72" count="2" type="stmt"/>
        <line num="73" count="2" type="stmt"/>
        <line num="74" count="2" type="stmt"/>
        <line num="75" count="1" type="stmt"/>
        <line num="77" count="1" type="stmt"/>
        <line num="78" count="1" type="stmt"/>
        <line num="83" count="2" type="stmt"/>
        <line num="84" count="2" type="stmt"/>
        <line num="85" count="2" type="stmt"/>
        <line num="86" count="1" type="stmt"/>
        <line num="88" count="1" type="stmt"/>
        <line num="89" count="1" type="stmt"/>
        <line num="94" count="3" type="stmt"/>
        <line num="95" count="3" type="stmt"/>
        <line num="96" count="1" type="stmt"/>
        <line num="98" count="2" type="stmt"/>
        <line num="99" count="2" type="stmt"/>
        <line num="104" count="2" type="stmt"/>
        <line num="105" count="2" type="stmt"/>
        <line num="106" count="2" type="stmt"/>
        <line num="107" count="1" type="stmt"/>
        <line num="108" count="1" type="stmt"/>
        <line num="110" count="1" type="stmt"/>
        <line num="111" count="1" type="stmt"/>
      </file>
      <file name="slashCommandStore.ts" path="/Users/tyler/Code/workspaces/fury/kingston/src/stores/slashCommandStore.ts">
        <metrics statements="17" coveredstatements="17" conditionals="9" coveredconditionals="9" methods="10" coveredmethods="10"/>
        <line num="21" count="11" type="stmt"/>
        <line num="23" count="11" type="stmt"/>
        <line num="30" count="4" type="cond" truecount="2" falsecount="0"/>
        <line num="31" count="3" type="stmt"/>
        <line num="32" count="3" type="stmt"/>
        <line num="36" count="3" type="stmt"/>
        <line num="37" count="3" type="stmt"/>
        <line num="38" count="2" type="stmt"/>
        <line num="43" count="1" type="stmt"/>
        <line num="44" count="1" type="stmt"/>
        <line num="49" count="3" type="stmt"/>
        <line num="54" count="1" type="stmt"/>
        <line num="60" count="2" type="cond" truecount="2" falsecount="0"/>
        <line num="64" count="4" type="cond" truecount="2" falsecount="0"/>
        <line num="65" count="4" type="cond" truecount="2" falsecount="0"/>
        <line num="66" count="3" type="stmt"/>
        <line num="67" count="4" type="stmt"/>
      </file>
      <file name="toastStore.ts" path="/Users/tyler/Code/workspaces/fury/kingston/src/stores/toastStore.ts">
        <metrics statements="11" coveredstatements="11" conditionals="5" coveredconditionals="5" methods="9" coveredmethods="9"/>
        <line num="22" count="10" type="stmt"/>
        <line num="24" count="10" type="stmt"/>
        <line num="28" count="17" type="stmt"/>
        <line num="29" count="17" type="stmt"/>
        <line num="32" count="17" type="cond" truecount="2" falsecount="0"/>
        <line num="33" count="15" type="cond" truecount="2" falsecount="0"/>
        <line num="34" count="15" type="stmt"/>
        <line num="35" count="3" type="stmt"/>
        <line num="36" count="3" type="stmt"/>
        <line num="43" count="2" type="stmt"/>
        <line num="44" count="3" type="stmt"/>
      </file>
      <file name="todoStore.ts" path="/Users/tyler/Code/workspaces/fury/kingston/src/stores/todoStore.ts">
        <metrics statements="53" coveredstatements="53" conditionals="34" coveredconditionals="34" methods="32" coveredmethods="32"/>
        <line num="36" count="6" type="stmt"/>
        <line num="38" count="6" type="stmt"/>
        <line num="44" count="183" type="cond" truecount="2" falsecount="0"/>
        <line num="45" count="182" type="stmt"/>
        <line num="46" count="182" type="stmt"/>
        <line num="47" count="182" type="stmt"/>
        <line num="51" count="182" type="stmt"/>
        <line num="52" count="182" type="stmt"/>
        <line num="53" count="180" type="stmt"/>
        <line num="58" count="2" type="stmt"/>
        <line num="65" count="182" type="stmt"/>
        <line num="70" count="2" type="stmt"/>
        <line num="71" count="2" type="stmt"/>
        <line num="72" count="1" type="stmt"/>
        <line num="78" count="1" type="stmt"/>
        <line num="80" count="1" type="stmt"/>
        <line num="83" count="1" type="stmt"/>
        <line num="88" count="5" type="stmt"/>
        <line num="89" count="5" type="stmt"/>
        <line num="90" count="4" type="stmt"/>
        <line num="94" count="4" type="cond" truecount="2" falsecount="0"/>
        <line num="107" count="1" type="stmt"/>
        <line num="110" count="1" type="stmt"/>
        <line num="116" count="3" type="cond" truecount="2" falsecount="0"/>
        <line num="117" count="3" type="stmt"/>
        <line num="120" count="4" type="stmt"/>
        <line num="123" count="3" type="stmt"/>
        <line num="124" count="3" type="stmt"/>
        <line num="127" count="1" type="stmt"/>
        <line num="136" count="4" type="cond" truecount="2" falsecount="0"/>
        <line num="137" count="4" type="stmt"/>
        <line num="141" count="4" type="cond" truecount="2" falsecount="0"/>
        <line num="145" count="4" type="stmt"/>
        <line num="146" count="4" type="stmt"/>
        <line num="149" count="1" type="stmt"/>
        <line num="158" count="3" type="cond" truecount="2" falsecount="0"/>
        <line num="159" count="3" type="stmt"/>
        <line num="160" count="6" type="stmt"/>
        <line num="161" count="6" type="stmt"/>
        <line num="162" count="4" type="stmt"/>
        <line num="163" count="3" type="stmt"/>
        <line num="166" count="3" type="stmt"/>
        <line num="167" count="3" type="stmt"/>
        <line num="170" count="1" type="stmt"/>
        <line num="178" count="2" type="cond" truecount="2" falsecount="0"/>
        <line num="182" count="4" type="cond" truecount="2" falsecount="0"/>
        <line num="183" count="4" type="stmt"/>
        <line num="184" count="4" type="stmt"/>
        <line num="185" count="4" type="stmt"/>
        <line num="193" count="4" type="cond" truecount="2" falsecount="0"/>
        <line num="194" count="4" type="cond" truecount="2" falsecount="0"/>
        <line num="195" count="2" type="stmt"/>
        <line num="199" count="4" type="cond" truecount="2" falsecount="0"/>
      </file>
      <file name="uiStore.ts" path="/Users/tyler/Code/workspaces/fury/kingston/src/stores/uiStore.ts">
        <metrics statements="37" coveredstatements="37" conditionals="21" coveredconditionals="21" methods="18" coveredmethods="18"/>
        <line num="15" count="8" type="stmt"/>
        <line num="41" count="8" type="stmt"/>
        <line num="44" count="2" type="stmt"/>
        <line num="45" count="2" type="stmt"/>
        <line num="48" count="9" type="stmt"/>
        <line num="51" count="3" type="stmt"/>
        <line num="53" count="6" type="cond" truecount="2" falsecount="0"/>
        <line num="54" count="1" type="stmt"/>
        <line num="58" count="9" type="stmt"/>
        <line num="64" count="19" type="stmt"/>
        <line num="65" count="24" type="stmt"/>
        <line num="66" count="19" type="cond" truecount="2" falsecount="0"/>
        <line num="67" count="2" type="stmt"/>
        <line num="68" count="2" type="stmt"/>
        <line num="70" count="17" type="stmt"/>
        <line num="76" count="17" type="cond" truecount="2" falsecount="0"/>
        <line num="77" count="4" type="stmt"/>
        <line num="78" count="3" type="cond" truecount="2" falsecount="0"/>
        <line num="79" count="1" type="stmt"/>
        <line num="80" count="1" type="stmt"/>
        <line num="81" count="1" type="stmt"/>
        <line num="82" count="1" type="stmt"/>
        <line num="85" count="16" type="stmt"/>
        <line num="89" count="7" type="cond" truecount="2" falsecount="0"/>
        <line num="90" count="6" type="stmt"/>
        <line num="91" count="11" type="stmt"/>
        <line num="92" count="6" type="cond" truecount="2" falsecount="0"/>
        <line num="93" count="11" type="stmt"/>
        <line num="94" count="5" type="stmt"/>
        <line num="95" count="5" type="cond" truecount="2" falsecount="0"/>
        <line num="96" count="4" type="stmt"/>
        <line num="97" count="4" type="cond" truecount="2" falsecount="0"/>
        <line num="99" count="5" type="stmt"/>
        <line num="103" count="9" type="cond" truecount="2" falsecount="0"/>
        <line num="104" count="5" type="stmt"/>
        <line num="109" count="1" type="stmt"/>
        <line num="111" count="2" type="cond" truecount="2" falsecount="0"/>
      </file>
      <file name="workspaceStore.ts" path="/Users/tyler/Code/workspaces/fury/kingston/src/stores/workspaceStore.ts">
        <metrics statements="52" coveredstatements="52" conditionals="18" coveredconditionals="18" methods="18" coveredmethods="18"/>
        <line num="35" count="17" type="stmt"/>
        <line num="44" count="107" type="stmt"/>
        <line num="45" count="107" type="stmt"/>
        <line num="46" count="107" type="stmt"/>
        <line num="47" count="106" type="stmt"/>
        <line num="49" count="1" type="stmt"/>
        <line num="54" count="2" type="stmt"/>
        <line num="55" count="2" type="stmt"/>
        <line num="56" count="2" type="stmt"/>
        <line num="57" count="1" type="stmt"/>
        <line num="61" count="1" type="stmt"/>
        <line num="63" count="1" type="stmt"/>
        <line num="64" count="1" type="stmt"/>
        <line num="69" count="6" type="stmt"/>
        <line num="70" count="6" type="stmt"/>
        <line num="71" count="5" type="stmt"/>
        <line num="72" count="5" type="stmt"/>
        <line num="73" count="5" type="stmt"/>
        <line num="74" count="5" type="stmt"/>
        <line num="84" count="1" type="stmt"/>
        <line num="85" count="1" type="stmt"/>
        <line num="90" count="5" type="stmt"/>
        <line num="91" count="5" type="stmt"/>
        <line num="92" count="5" type="stmt"/>
        <line num="93" count="5" type="stmt"/>
        <line num="94" count="4" type="stmt"/>
        <line num="95" count="5" type="stmt"/>
        <line num="102" count="1" type="stmt"/>
        <line num="107" count="1" type="stmt"/>
        <line num="111" count="1" type="stmt"/>
        <line num="115" count="3" type="stmt"/>
        <line num="116" count="3" type="stmt"/>
        <line num="117" count="2" type="stmt"/>
        <line num="119" count="1" type="stmt"/>
        <line num="124" count="2" type="stmt"/>
        <line num="125" count="2" type="stmt"/>
        <line num="126" count="1" type="stmt"/>
        <line num="129" count="1" type="stmt"/>
        <line num="133" count="1" type="stmt"/>
        <line num="134" count="1" type="stmt"/>
        <line num="139" count="3" type="stmt"/>
        <line num="140" count="3" type="stmt"/>
        <line num="141" count="2" type="stmt"/>
        <line num="143" count="3" type="cond" truecount="2" falsecount="0"/>
        <line num="147" count="1" type="stmt"/>
        <line num="148" count="1" type="stmt"/>
        <line num="153" count="3" type="stmt"/>
        <line num="154" count="3" type="stmt"/>
        <line num="155" count="2" type="stmt"/>
        <line num="157" count="3" type="cond" truecount="2" falsecount="0"/>
        <line num="161" count="1" type="stmt"/>
        <line num="162" count="1" type="stmt"/>
      </file>
    </package>
  </project>
</coverage>
